<?xml version="1.0" encoding="utf-8"?><testsuites name="pytest tests"><testsuite name="pytest" errors="0" failures="0" skipped="1" tests="1781" time="1685.809" timestamp="2026-06-08T12:41:28.316679+02:00" hostname="LORIS-TPX1"><testcase classname="tests.test_active_space.TestWavefunctionBasedActiveSpaceSelector" name="test_wfn_selector_factory" time="0.002" /><testcase classname="tests.test_active_space.TestWavefunctionBasedActiveSpaceSelector" name="test_autocas_selection" time="0.694" /><testcase classname="tests.test_algorithms.TestAlgorithmClasses" name="test_multi_configuration_calculator_inheritance" time="0.001" /><testcase classname="tests.test_algorithms.TestAlgorithmClasses" name="test_pmc_calculator_inheritance" time="0.001" /><testcase classname="tests.test_algorithms.TestAlgorithmClasses" name="test_state_prep_inheritance" time="0.001" /><testcase classname="tests.test_algorithms.TestAlgorithmClasses" name="test_hamiltonian_constructor_inheritance" time="0.001" /><testcase classname="tests.test_algorithms.TestAlgorithmClasses" name="test_scf_solver_inheritance" time="0.002" /><testcase classname="tests.test_algorithms.TestAlgorithmClasses" name="test_active_space_selector_inheritance" time="0.001" /><testcase classname="tests.test_algorithms.TestAlgorithmClasses" name="test_mcscf_inheritance" time="0.001" /><testcase classname="tests.test_algorithms.TestAlgorithmClasses" name="test_coupled_cluster_calculator_inheritance" time="0.003" /><testcase classname="tests.test_algorithms.TestAlgorithmClasses" name="test_scf_solver_registration" time="0.002" /><testcase classname="tests.test_algorithms.TestAlgorithmClasses" name="test_hamiltonian_constructor_registration" time="0.001" /><testcase classname="tests.test_algorithms.TestAlgorithmClasses" name="test_localizer_registration" time="0.001" /><testcase classname="tests.test_algorithms.TestAlgorithmClasses" name="test_multi_configuration_calculator_registration" time="0.002" /><testcase classname="tests.test_algorithms.TestAlgorithmClasses" name="test_pmc_calculator_registration" time="0.001" /><testcase classname="tests.test_algorithms.TestAlgorithmClasses" name="test_state_preparation_registration" time="0.001" /><testcase classname="tests.test_algorithms.TestAlgorithmClasses" name="test_active_space_selector_registration" time="0.001" /><testcase classname="tests.test_algorithms.TestAlgorithmClasses" name="test_mcscf_registration" time="0.001" /><testcase classname="tests.test_algorithms.TestAlgorithmClasses" name="test_coupled_cluster_calculator_registration" time="0.001" /><testcase classname="tests.test_algorithms.TestAlgorithmClasses" name="test_algorithm_repr" time="0.001" /><testcase classname="tests.test_algorithms.TestAlgorithmClasses" name="test_settings_interface" time="0.001" /><testcase classname="tests.test_algorithms.TestAlgorithmClasses" name="test_abstract_methods_required" time="0.002" /><testcase classname="tests.test_algorithms.TestAlgorithmClasses" name="test_localizer_comprehensive" time="0.001" /><testcase classname="tests.test_algorithms.TestAlgorithmClasses" name="test_localizer_factory_functions" time="0.001" /><testcase classname="tests.test_algorithms.TestAlgorithmClasses" name="test_localizer_base_class" time="0.001" /><testcase classname="tests.test_algorithms.TestAlgorithmClasses" name="test_stability_checker_inheritance" time="0.001" /><testcase classname="tests.test_algorithms.TestAlgorithmClasses" name="test_stability_checker_registration" time="0.001" /><testcase classname="tests.test_algorithms.TestAlgorithmClasses" name="test_stability_result_functionality" time="0.001" /><testcase classname="tests.test_algorithms.TestAlgorithmClasses" name="test_stability_checker_comprehensive" time="0.001" /><testcase classname="tests.test_algorithms.TestAlgorithmClasses" name="test_stability_checker_factory_functions" time="0.001" /><testcase classname="tests.test_algorithms_registry.TestRegistryShowDefault" name="test_show_default_returns_dict_when_no_type_specified" time="0.001" /><testcase classname="tests.test_algorithms_registry.TestRegistryShowDefault" name="test_show_default_returns_string_for_specific_type" time="0.001" /><testcase classname="tests.test_algorithms_registry.TestRegistryShowDefault" name="test_show_default_returns_empty_string_for_unknown_type" time="0.001" /><testcase classname="tests.test_algorithms_registry.TestRegistryShowDefault" name="test_show_default_consistent_with_available" time="0.001" /><testcase classname="tests.test_algorithms_registry.TestRegistryShowDefault" name="test_default_algorithm_can_be_created" time="0.040" /><testcase classname="tests.test_algorithms_registry.TestRegistryCreate" name="test_create_default_algorithm" time="0.001" /><testcase classname="tests.test_algorithms_registry.TestRegistryCreate" name="test_create_named_algorithm" time="0.001" /><testcase classname="tests.test_algorithms_registry.TestRegistryCreate" name="test_create_with_kwargs" time="0.001" /><testcase classname="tests.test_algorithms_registry.TestRegistryCreate" name="test_create_with_multiple_kwargs" time="0.001" /><testcase classname="tests.test_algorithms_registry.TestRegistryCreate" name="test_create_invalid_algorithm_type" time="0.001" /><testcase classname="tests.test_algorithms_registry.TestRegistryCreate" name="test_create_invalid_algorithm_name" time="0.001" /><testcase classname="tests.test_algorithms_registry.TestRegistryCreate" name="test_create_different_algorithm_types" time="0.002" /><testcase classname="tests.test_algorithms_registry.TestRegistryAvailable" name="test_available_returns_dict_when_no_type_specified" time="0.001" /><testcase classname="tests.test_algorithms_registry.TestRegistryAvailable" name="test_available_returns_list_for_specific_type" time="0.000" /><testcase classname="tests.test_algorithms_registry.TestRegistryAvailable" name="test_available_returns_empty_list_for_unknown_type" time="0.000" /><testcase classname="tests.test_algorithms_registry.TestRegistryAvailable" name="test_available_all_types_have_algorithms" time="0.001" /><testcase classname="tests.test_algorithms_registry.TestRegistryAvailable" name="test_available_algorithms_can_be_created" time="0.012" /><testcase classname="tests.test_algorithms_registry.TestRegistryPrintSettings" name="test_print_settings_produces_output" time="0.001" /><testcase classname="tests.test_algorithms_registry.TestRegistryPrintSettings" name="test_print_settings_with_custom_width" time="0.001" /><testcase classname="tests.test_algorithms_registry.TestRegistryPrintSettings" name="test_print_settings_invalid_type" time="0.001" /><testcase classname="tests.test_algorithms_registry.TestRegistryPrintSettings" name="test_print_settings_different_algorithms" time="0.001" /><testcase classname="tests.test_algorithms_registry.TestRegistryInspectSettings" name="test_inspect_settings_returns_list_of_tuples" time="0.001" /><testcase classname="tests.test_algorithms_registry.TestRegistryInspectSettings" name="test_inspect_settings_has_expected_fields" time="0.002" /><testcase classname="tests.test_algorithms_registry.TestRegistryInspectSettings" name="test_inspect_settings_invalid_type" time="0.001" /><testcase classname="tests.test_algorithms_registry.TestRegistryInspectSettings" name="test_inspect_settings_different_algorithms" time="0.001" /><testcase classname="tests.test_algorithms_registry.TestRegistryInspectSettings" name="test_inspect_settings_limits_format" time="0.001" /><testcase classname="tests.test_algorithms_registry.TestStringSettingsHaveGuidance" name="test_string_settings_have_description_or_allowed_values[active_space_selector/pyscf_avas]" time="0.003" /><testcase classname="tests.test_algorithms_registry.TestStringSettingsHaveGuidance" name="test_string_settings_have_description_or_allowed_values[active_space_selector/qdk_occupation]" time="0.001" /><testcase classname="tests.test_algorithms_registry.TestStringSettingsHaveGuidance" name="test_string_settings_have_description_or_allowed_values[active_space_selector/qdk_autocas_eos]" time="0.001" /><testcase classname="tests.test_algorithms_registry.TestStringSettingsHaveGuidance" name="test_string_settings_have_description_or_allowed_values[active_space_selector/qdk_autocas]" time="0.001" /><testcase classname="tests.test_algorithms_registry.TestStringSettingsHaveGuidance" name="test_string_settings_have_description_or_allowed_values[active_space_selector/qdk_valence]" time="0.001" /><testcase classname="tests.test_algorithms_registry.TestStringSettingsHaveGuidance" name="test_string_settings_have_description_or_allowed_values[hamiltonian_constructor/qdk_cholesky]" time="0.001" /><testcase classname="tests.test_algorithms_registry.TestStringSettingsHaveGuidance" name="test_string_settings_have_description_or_allowed_values[hamiltonian_constructor/qdk]" time="0.001" /><testcase classname="tests.test_algorithms_registry.TestStringSettingsHaveGuidance" name="test_string_settings_have_description_or_allowed_values[orbital_localizer/pyscf_multi]" time="0.004" /><testcase classname="tests.test_algorithms_registry.TestStringSettingsHaveGuidance" name="test_string_settings_have_description_or_allowed_values[orbital_localizer/qdk_vvhv]" time="0.001" /><testcase classname="tests.test_algorithms_registry.TestStringSettingsHaveGuidance" name="test_string_settings_have_description_or_allowed_values[orbital_localizer/qdk_mp2_natural_orbitals]" time="0.001" /><testcase classname="tests.test_algorithms_registry.TestStringSettingsHaveGuidance" name="test_string_settings_have_description_or_allowed_values[orbital_localizer/qdk_pipek_mezey]" time="0.001" /><testcase classname="tests.test_algorithms_registry.TestStringSettingsHaveGuidance" name="test_string_settings_have_description_or_allowed_values[multi_configuration_calculator/macis_asci]" time="0.001" /><testcase classname="tests.test_algorithms_registry.TestStringSettingsHaveGuidance" name="test_string_settings_have_description_or_allowed_values[multi_configuration_calculator/macis_cas]" time="0.001" /><testcase classname="tests.test_algorithms_registry.TestStringSettingsHaveGuidance" name="test_string_settings_have_description_or_allowed_values[multi_configuration_scf/pyscf]" time="0.004" /><testcase classname="tests.test_algorithms_registry.TestStringSettingsHaveGuidance" name="test_string_settings_have_description_or_allowed_values[projected_multi_configuration_calculator/macis_pmc]" time="0.001" /><testcase classname="tests.test_algorithms_registry.TestStringSettingsHaveGuidance" name="test_string_settings_have_description_or_allowed_values[dynamical_correlation_calculator/pyscf_coupled_cluster]" time="0.004" /><testcase classname="tests.test_algorithms_registry.TestStringSettingsHaveGuidance" name="test_string_settings_have_description_or_allowed_values[dynamical_correlation_calculator/qdk_mp2_calculator]" time="0.001" /><testcase classname="tests.test_algorithms_registry.TestStringSettingsHaveGuidance" name="test_string_settings_have_description_or_allowed_values[scf_solver/pyscf]" time="0.004" /><testcase classname="tests.test_algorithms_registry.TestStringSettingsHaveGuidance" name="test_string_settings_have_description_or_allowed_values[scf_solver/qdk]" time="0.001" /><testcase classname="tests.test_algorithms_registry.TestStringSettingsHaveGuidance" name="test_string_settings_have_description_or_allowed_values[stability_checker/pyscf]" time="0.005" /><testcase classname="tests.test_algorithms_registry.TestStringSettingsHaveGuidance" name="test_string_settings_have_description_or_allowed_values[stability_checker/qdk]" time="0.001" /><testcase classname="tests.test_algorithms_registry.TestStringSettingsHaveGuidance" name="test_string_settings_have_description_or_allowed_values[energy_estimator/qdk]" time="0.005" /><testcase classname="tests.test_algorithms_registry.TestStringSettingsHaveGuidance" name="test_string_settings_have_description_or_allowed_values[circuit_mapper/pauli_sequence]" time="0.001" /><testcase classname="tests.test_algorithms_registry.TestStringSettingsHaveGuidance" name="test_string_settings_have_description_or_allowed_values[hamiltonian_simulation/euler_integrator]" time="0.017" /><testcase classname="tests.test_algorithms_registry.TestStringSettingsHaveGuidance" name="test_string_settings_have_description_or_allowed_values[state_prep/sparse_isometry_gf2x]" time="0.003" /><testcase classname="tests.test_algorithms_registry.TestStringSettingsHaveGuidance" name="test_string_settings_have_description_or_allowed_values[state_prep/qiskit_regular_isometry]" time="0.002" /><testcase classname="tests.test_algorithms_registry.TestStringSettingsHaveGuidance" name="test_string_settings_have_description_or_allowed_values[term_grouper/commuting]" time="0.001" /><testcase classname="tests.test_algorithms_registry.TestStringSettingsHaveGuidance" name="test_string_settings_have_description_or_allowed_values[term_grouper/qubit_wise_commuting]" time="0.001" /><testcase classname="tests.test_algorithms_registry.TestStringSettingsHaveGuidance" name="test_string_settings_have_description_or_allowed_values[term_grouper/identity]" time="0.001" /><testcase classname="tests.test_algorithms_registry.TestStringSettingsHaveGuidance" name="test_string_settings_have_description_or_allowed_values[term_grouper/nx_commuting]" time="0.001" /><testcase classname="tests.test_algorithms_registry.TestStringSettingsHaveGuidance" name="test_string_settings_have_description_or_allowed_values[term_grouper/nx_qubit_wise_commuting]" time="0.002" /><testcase classname="tests.test_algorithms_registry.TestStringSettingsHaveGuidance" name="test_string_settings_have_description_or_allowed_values[qubit_mapper/qdk]" time="0.003" /><testcase classname="tests.test_algorithms_registry.TestStringSettingsHaveGuidance" name="test_string_settings_have_description_or_allowed_values[qubit_mapper/qiskit]" time="0.004" /><testcase classname="tests.test_algorithms_registry.TestStringSettingsHaveGuidance" name="test_string_settings_have_description_or_allowed_values[qubit_mapper/openfermion]" time="0.004" /><testcase classname="tests.test_algorithms_registry.TestStringSettingsHaveGuidance" name="test_string_settings_have_description_or_allowed_values[qubit_hamiltonian_solver/qdk_dense_matrix_solver]" time="0.002" /><testcase classname="tests.test_algorithms_registry.TestStringSettingsHaveGuidance" name="test_string_settings_have_description_or_allowed_values[qubit_hamiltonian_solver/qdk_sparse_matrix_solver]" time="0.003" /><testcase classname="tests.test_algorithms_registry.TestStringSettingsHaveGuidance" name="test_string_settings_have_description_or_allowed_values[hamiltonian_unitary_builder/trotter]" time="0.002" /><testcase classname="tests.test_algorithms_registry.TestStringSettingsHaveGuidance" name="test_string_settings_have_description_or_allowed_values[hamiltonian_unitary_builder/qdrift]" time="0.001" /><testcase classname="tests.test_algorithms_registry.TestStringSettingsHaveGuidance" name="test_string_settings_have_description_or_allowed_values[hamiltonian_unitary_builder/partially_randomized]" time="0.001" /><testcase classname="tests.test_algorithms_registry.TestStringSettingsHaveGuidance" name="test_string_settings_have_description_or_allowed_values[controlled_circuit_mapper/pauli_sequence]" time="0.001" /><testcase classname="tests.test_algorithms_registry.TestStringSettingsHaveGuidance" name="test_string_settings_have_description_or_allowed_values[circuit_executor/qdk_full_state_simulator]" time="0.001" /><testcase classname="tests.test_algorithms_registry.TestStringSettingsHaveGuidance" name="test_string_settings_have_description_or_allowed_values[circuit_executor/qdk_sparse_state_simulator]" time="0.004" /><testcase classname="tests.test_algorithms_registry.TestStringSettingsHaveGuidance" name="test_string_settings_have_description_or_allowed_values[circuit_executor/qiskit_aer_simulator]" time="0.004" /><testcase classname="tests.test_algorithms_registry.TestStringSettingsHaveGuidance" name="test_string_settings_have_description_or_allowed_values[phase_estimation/iterative]" time="0.009" /><testcase classname="tests.test_algorithms_registry.TestStringSettingsHaveGuidance" name="test_string_settings_have_description_or_allowed_values[phase_estimation/qiskit_standard]" time="0.009" /><testcase classname="tests.test_algorithms_registry.TestStringSettingsHaveGuidance" name="test_string_settings_have_description_or_allowed_values[propagator/magnus]" time="0.001" /><testcase classname="tests.test_algorithms_registry.TestAllowedStringValuesAccepted" name="test_each_allowed_value_can_be_set[hamiltonian_constructor/qdk.eri_method]" time="0.001" /><testcase classname="tests.test_algorithms_registry.TestAllowedStringValuesAccepted" name="test_each_allowed_value_can_be_set[orbital_localizer/pyscf_multi.method]" time="0.004" /><testcase classname="tests.test_algorithms_registry.TestAllowedStringValuesAccepted" name="test_each_allowed_value_can_be_set[orbital_localizer/pyscf_multi.population_method]" time="0.003" /><testcase classname="tests.test_algorithms_registry.TestAllowedStringValuesAccepted" name="test_each_allowed_value_can_be_set[orbital_localizer/qdk_vvhv.minimal_basis]" time="0.001" /><testcase classname="tests.test_algorithms_registry.TestAllowedStringValuesAccepted" name="test_each_allowed_value_can_be_set[multi_configuration_calculator/macis_asci.core_selection_strategy]" time="0.001" /><testcase classname="tests.test_algorithms_registry.TestAllowedStringValuesAccepted" name="test_each_allowed_value_can_be_set[scf_solver/pyscf.scf_type]" time="0.004" /><testcase classname="tests.test_algorithms_registry.TestAllowedStringValuesAccepted" name="test_each_allowed_value_can_be_set[scf_solver/qdk.eri_method]" time="0.001" /><testcase classname="tests.test_algorithms_registry.TestAllowedStringValuesAccepted" name="test_each_allowed_value_can_be_set[scf_solver/qdk.scf_type]" time="0.001" /><testcase classname="tests.test_algorithms_registry.TestAllowedStringValuesAccepted" name="test_each_allowed_value_can_be_set[state_prep/sparse_isometry_gf2x.dense_preparation_method]" time="0.002" /><testcase classname="tests.test_algorithms_registry.TestAllowedStringValuesAccepted" name="test_each_allowed_value_can_be_set[hamiltonian_unitary_builder/trotter.error_bound]" time="0.001" /><testcase classname="tests.test_algorithms_registry.TestAllowedStringValuesAccepted" name="test_each_allowed_value_can_be_set[hamiltonian_unitary_builder/trotter.power_strategy]" time="0.001" /><testcase classname="tests.test_algorithms_registry.TestAllowedStringValuesAccepted" name="test_each_allowed_value_can_be_set[hamiltonian_unitary_builder/qdrift.commutation_type]" time="0.001" /><testcase classname="tests.test_algorithms_registry.TestAllowedStringValuesAccepted" name="test_each_allowed_value_can_be_set[hamiltonian_unitary_builder/qdrift.power_strategy]" time="0.001" /><testcase classname="tests.test_algorithms_registry.TestAllowedStringValuesAccepted" name="test_each_allowed_value_can_be_set[hamiltonian_unitary_builder/partially_randomized.commutation_type]" time="0.001" /><testcase classname="tests.test_algorithms_registry.TestAllowedStringValuesAccepted" name="test_each_allowed_value_can_be_set[hamiltonian_unitary_builder/partially_randomized.power_strategy]" time="0.001" /><testcase classname="tests.test_algorithms_registry.TestAllowedStringValuesAccepted" name="test_each_allowed_value_can_be_set[circuit_executor/qdk_full_state_simulator.type]" time="0.001" /><testcase classname="tests.test_algorithms_registry.TestAllowedStringValuesAccepted" name="test_each_allowed_value_can_be_set[circuit_executor/qiskit_aer_simulator.method]" time="0.004" /><testcase classname="tests.test_algorithms_registry.TestRegistryRegisterUnregister" name="test_register_and_create_custom_algorithm" time="0.001" /><testcase classname="tests.test_algorithms_registry.TestRegistryRegisterUnregister" name="test_register_custom_algorithm_appears_in_available" time="0.001" /><testcase classname="tests.test_algorithms_registry.TestRegistryRegisterUnregister" name="test_unregister_custom_algorithm" time="0.001" /><testcase classname="tests.test_algorithms_registry.TestRegistryRegisterUnregister" name="test_unregister_invalid_type" time="0.001" /><testcase classname="tests.test_algorithms_registry.TestRegistryRegisterUnregister" name="test_register_invalid_algorithm_type" time="0.001" /><testcase classname="tests.test_algorithms_registry.TestRegistryFactoryRegistration" name="test_register_factory_duplicate" time="0.001" /><testcase classname="tests.test_algorithms_registry.TestRegistryFactoryRegistration" name="test_unregister_factory_invalid_type" time="0.000" /><testcase classname="tests.test_algorithms_registry.TestRegistryQiskitPlugins" name="test_registered_qiskit_plugins" time="0.009" /><testcase classname="tests.test_ansatz.TestAnsatzSerialization" name="test_json_serialization" time="0.003" /><testcase classname="tests.test_ansatz.TestAnsatzSerialization" name="test_hdf5_serialization" time="0.007" /><testcase classname="tests.test_ansatz.TestAnsatzSerialization" name="test_json_file_io" time="0.004" /><testcase classname="tests.test_ansatz.TestAnsatzSerialization" name="test_generic_file_io" time="0.007" /><testcase classname="tests.test_ansatz.TestAnsatzSerialization" name="test_error_handling" time="0.001" /><testcase classname="tests.test_ansatz.TestAnsatzSerialization" name="test_nested_serialization_consistency" time="0.002" /><testcase classname="tests.test_ansatz.TestAnsatzSerialization" name="test_repr_method" time="0.004" /><testcase classname="tests.test_ansatz.TestAnsatzSerialization" name="test_str_method" time="0.001" /><testcase classname="tests.test_ansatz.TestAnsatzSerialization" name="test_pickling_ansatz" time="0.002" /><testcase classname="tests.test_ansatz.TestAnsatzSerialization" name="test_restricted_closed_shell_energy" time="0.554" /><testcase classname="tests.test_ansatz.TestAnsatzSerialization" name="test_restricted_open_shell_energy" time="0.157" /><testcase classname="tests.test_ansatz" name="test_ansatz_data_type_name" time="0.000" /><testcase classname="tests.test_ansatz_property_bindings" name="test_ansatz_property_bindings" time="0.001" /><testcase classname="tests.test_ansatz_property_bindings" name="test_ansatz_property_immutability" time="0.001" /><testcase classname="tests.test_ansatz_property_bindings" name="test_property_bindings_backward_compatibility" time="0.002" /><testcase classname="tests.test_basis_set" name="test_basis_set_construction" time="0.001" /><testcase classname="tests.test_basis_set" name="test_shell_management" time="0.001" /><testcase classname="tests.test_basis_set" name="test_atomic_orbital_type_management" time="0.001" /><testcase classname="tests.test_basis_set" name="test_shell_with_raw_primitives" time="0.001" /><testcase classname="tests.test_basis_set" name="test_orbital_type_enum" time="0.001" /><testcase classname="tests.test_basis_set" name="test_atomic_orbital_queries" time="0.001" /><testcase classname="tests.test_basis_set" name="test_shell_queries" time="0.001" /><testcase classname="tests.test_basis_set" name="test_atomic_orbital_info" time="0.000" /><testcase classname="tests.test_basis_set" name="test_structure_integration" time="0.001" /><testcase classname="tests.test_basis_set" name="test_summary" time="0.000" /><testcase classname="tests.test_basis_set" name="test_json_serialization" time="0.004" /><testcase classname="tests.test_basis_set" name="test_hdf5_serialization" time="0.002" /><testcase classname="tests.test_basis_set" name="test_error_handling" time="0.001" /><testcase classname="tests.test_basis_set" name="test_complete_basis_set_workflow" time="0.001" /><testcase classname="tests.test_basis_set" name="test_shell_creation" time="0.001" /><testcase classname="tests.test_basis_set" name="test_utility_functions" time="0.000" /><testcase classname="tests.test_basis_set" name="test_basis_set_file_io_generic" time="0.005" /><testcase classname="tests.test_basis_set" name="test_basis_set_hdf5_specific" time="0.002" /><testcase classname="tests.test_basis_set" name="test_basis_set_json_specific" time="0.001" /><testcase classname="tests.test_basis_set" name="test_basis_set_file_io_validation" time="0.001" /><testcase classname="tests.test_basis_set" name="test_basis_set_file_io_round_trip" time="0.006" /><testcase classname="tests.test_basis_set" name="test_basis_set_consistency_between_methods" time="0.004" /><testcase classname="tests.test_basis_set" name="test_basis_set_metadata_management" time="0.001" /><testcase classname="tests.test_basis_set" name="test_keyword_arguments" time="0.001" /><testcase classname="tests.test_basis_set" name="test_explicit_pyarg_coverage" time="0.000" /><testcase classname="tests.test_basis_set" name="test_explicit_shell_constructor_coverage" time="0.001" /><testcase classname="tests.test_basis_set" name="test_basis_set_pickling_and_repr" time="0.003" /><testcase classname="tests.test_basis_set" name="test_basis_set_ecp_functionality" time="0.004" /><testcase classname="tests.test_basis_set" name="test_basis_set_ecp_shells" time="0.001" /><testcase classname="tests.test_basis_set" name="test_basis_set_ecp_shells_serialization" time="0.004" /><testcase classname="tests.test_basis_set" name="test_basis_set_ecp_shells_copy" time="0.001" /><testcase classname="tests.test_basis_set" name="test_basis_set_ecp_shells_multi_atom" time="0.001" /><testcase classname="tests.test_basis_set" name="test_basis_set_from_basis_name" time="0.042" /><testcase classname="tests.test_basis_set" name="test_basis_set_from_element_map" time="0.055" /><testcase classname="tests.test_basis_set" name="test_basis_set_from_index_map" time="0.125" /><testcase classname="tests.test_basis_set" name="test_basis_set_static_constants" time="0.001" /><testcase classname="tests.test_basis_set" name="test_get_supported_basis_set_names" time="0.002" /><testcase classname="tests.test_basis_set" name="test_get_supported_elements_for_basis_set" time="0.003" /><testcase classname="tests.test_basis_set" name="test_basis_set_data_type_name" time="0.001" /><testcase classname="tests.test_circuit.TestCircuitConstruction" name="test_circuit_construction_with_qasm" time="0.229" /><testcase classname="tests.test_circuit.TestCircuitConstruction" name="test_circuit_construction_raises" time="0.002" /><testcase classname="tests.test_circuit.TestCircuitConstruction" name="test_get_qasm" time="0.001" /><testcase classname="tests.test_circuit.TestGetQsharpCircuit" name="test_get_qsharp_and_qir" time="0.221" /><testcase classname="tests.test_circuit.TestGetQsharpCircuit" name="test_get_circuit_from_factory" time="0.051" /><testcase classname="tests.test_circuit.TestGetQsharpCircuit" name="test_get_qsharp_circuit_prune_classical_qubits" time="0.002" /><testcase classname="tests.test_circuit.TestGetQiskitConversion" name="test_circuit_qasm_to_qiskit" time="0.157" /><testcase classname="tests.test_circuit.TestGetQiskitConversion" name="test_circuit_qir_to_qiskit" time="0.164" /><testcase classname="tests.test_circuit.TestGetQiskitConversion" name="test_cache_qiskit_circuit" time="0.005" /><testcase classname="tests.test_circuit.TestCircuitSerialization" name="test_to_json" time="0.151" /><testcase classname="tests.test_circuit.TestCircuitSerialization" name="test_from_json" time="0.144" /><testcase classname="tests.test_circuit.TestCircuitSerialization" name="test_json_roundtrip" time="0.159" /><testcase classname="tests.test_circuit.TestCircuitSerialization" name="test_to_hdf5" time="0.205" /><testcase classname="tests.test_circuit.TestCircuitSerialization" name="test_from_hdf5" time="0.162" /><testcase classname="tests.test_circuit.TestCircuitSerialization" name="test_hdf5_roundtrip" time="0.166" /><testcase classname="tests.test_circuit.TestCircuitSerialization" name="test_to_json_file" time="0.157" /><testcase classname="tests.test_circuit.TestCircuitSerialization" name="test_from_json_file" time="0.154" /><testcase classname="tests.test_circuit.TestCircuitSerialization" name="test_to_hdf5_file" time="0.158" /><testcase classname="tests.test_circuit.TestCircuitSerialization" name="test_from_hdf5_file" time="0.152" /><testcase classname="tests.test_circuit.TestCircuitSummary" name="test_get_summary" time="0.002" /><testcase classname="tests.test_circuit.TestCircuitSummary" name="test_get_summary_format" time="0.002" /><testcase classname="tests.test_circuit.TestCircuitImmutability" name="test_circuit_is_immutable_after_construction" time="0.002" /><testcase classname="tests.test_circuit.TestCircuitImmutability" name="test_cannot_add_new_attributes" time="0.002" /><testcase classname="tests.test_circuit.TestCircuitEstimate" name="test_estimate_from_factory" time="0.005" /><testcase classname="tests.test_circuit.TestCircuitEstimate" name="test_estimate_from_qasm" time="0.057" /><testcase classname="tests.test_circuit.TestCircuitEstimate" name="test_estimate_raises_with_qir_only" time="0.176" /><testcase classname="tests.test_circuit_executor_data.TestCircuitExecutorDataInitialization" name="test_initialization_with_all_parameters" time="0.003" /><testcase classname="tests.test_circuit_executor_data.TestCircuitExecutorDataInitialization" name="test_initialization_without_metadata" time="0.002" /><testcase classname="tests.test_circuit_executor_data.TestCircuitExecutorDataInitialization" name="test_initialization_with_loss_bitstrings" time="0.007" /><testcase classname="tests.test_circuit_executor_data.TestCircuitExecutorDataInitialization" name="test_initialization_with_empty_bitstring_counts" time="0.002" /><testcase classname="tests.test_circuit_executor_data.TestCircuitExecutorDataMethods" name="test_get_executor_metadata" time="0.007" /><testcase classname="tests.test_circuit_executor_data.TestCircuitExecutorDataMethods" name="test_get_executor_metadata_none" time="0.005" /><testcase classname="tests.test_circuit_executor_data.TestCircuitExecutorDataMethods" name="test_get_summary" time="0.005" /><testcase classname="tests.test_circuit_executor_data.TestCircuitExecutorDataMethods" name="test_get_summary_with_empty_counts" time="0.002" /><testcase classname="tests.test_circuit_executor_data.TestCircuitExecutorDataMethods" name="test_get_summary_with_loss" time="0.003" /><testcase classname="tests.test_circuit_executor_data.TestCircuitExecutorDataJsonSerialization" name="test_to_json" time="0.007" /><testcase classname="tests.test_circuit_executor_data.TestCircuitExecutorDataJsonSerialization" name="test_to_json_with_loss" time="0.003" /><testcase classname="tests.test_circuit_executor_data.TestCircuitExecutorDataJsonSerialization" name="test_from_json" time="0.011" /><testcase classname="tests.test_circuit_executor_data.TestCircuitExecutorDataJsonSerialization" name="test_json_roundtrip" time="0.004" /><testcase classname="tests.test_circuit_executor_data.TestCircuitExecutorDataJsonSerialization" name="test_json_roundtrip_with_loss" time="0.009" /><testcase classname="tests.test_circuit_executor_data.TestCircuitExecutorDataJsonSerialization" name="test_from_json_with_missing_optional_fields" time="0.002" /><testcase classname="tests.test_circuit_executor_data.TestCircuitExecutorDataJsonSerialization" name="test_from_json_invalid_version" time="0.001" /><testcase classname="tests.test_circuit_executor_data.TestCircuitExecutorDataHdf5Serialization" name="test_to_hdf5" time="0.013" /><testcase classname="tests.test_circuit_executor_data.TestCircuitExecutorDataHdf5Serialization" name="test_to_hdf5_with_loss" time="0.006" /><testcase classname="tests.test_circuit_executor_data.TestCircuitExecutorDataHdf5Serialization" name="test_from_hdf5" time="0.013" /><testcase classname="tests.test_circuit_executor_data.TestCircuitExecutorDataHdf5Serialization" name="test_hdf5_roundtrip" time="0.010" /><testcase classname="tests.test_circuit_executor_data.TestCircuitExecutorDataHdf5Serialization" name="test_hdf5_roundtrip_with_loss" time="0.013" /><testcase classname="tests.test_circuit_executor_data.TestCircuitExecutorDataHdf5Serialization" name="test_from_hdf5_invalid_version" time="0.003" /><testcase classname="tests.test_circuit_executor_qdk.TestQdkFullStateCircuitExecutor" name="test_initialization" time="0.001" /><testcase classname="tests.test_circuit_executor_qdk.TestQdkFullStateCircuitExecutor" name="test_initialization_with_params" time="0.006" /><testcase classname="tests.test_circuit_executor_qdk.TestQdkFullStateCircuitExecutor" name="test_executor_name" time="0.002" /><testcase classname="tests.test_circuit_executor_qdk.TestQdkFullStateCircuitExecutor" name="test_circuit_executor_qdk_full_state" time="0.603" /><testcase classname="tests.test_circuit_executor_qdk.TestQdkFullStateCircuitExecutor" name="test_noise_with_depolarizing_error" time="0.293" /><testcase classname="tests.test_circuit_executor_qdk.TestQdkFullStateCircuitExecutor" name="test_noise_high_qubit_loss" time="0.304" /><testcase classname="tests.test_circuit_executor_qdk.TestQdkFullStateCircuitExecutor" name="test_noise_high_error_rate" time="0.233" /><testcase classname="tests.test_circuit_executor_qdk.TestQdkSparseStateCircuitExecutor" name="test_initialization" time="0.003" /><testcase classname="tests.test_circuit_executor_qdk.TestQdkSparseStateCircuitExecutor" name="test_executor_name" time="0.003" /><testcase classname="tests.test_circuit_executor_qdk.TestQdkSparseStateCircuitExecutor" name="test_deterministic_circuit" time="0.099" /><testcase classname="tests.test_circuit_executor_qdk.TestQdkSparseStateCircuitExecutor" name="test_bell_state_circuit" time="0.084" /><testcase classname="tests.test_circuit_executor_qdk.TestQdkSparseStateCircuitExecutor" name="test_executor_metadata_populated" time="0.080" /><testcase classname="tests.test_circuit_executor_qdk.TestQdkSparseStateCircuitExecutor" name="test_noise_with_depolarizing_error" time="0.090" /><testcase classname="tests.test_circuit_executor_qdk.TestQdkSparseStateCircuitExecutor" name="test_noise_high_qubit_loss" time="0.088" /><testcase classname="tests.test_circuit_executor_qdk.TestProcessRawResults" name="test_all_clean" time="0.001" /><testcase classname="tests.test_circuit_executor_qdk.TestProcessRawResults" name="test_all_loss" time="0.000" /><testcase classname="tests.test_circuit_executor_qdk.TestProcessRawResults" name="test_mixed_clean_and_loss" time="0.000" /><testcase classname="tests.test_circuit_mapper.TestPauliSequenceMapperNonControlled" name="test_name_and_type_name" time="0.001" /><testcase classname="tests.test_circuit_mapper.TestPauliSequenceMapperNonControlled" name="test_run_builds_regular_unitary_circuit" time="0.068" /><testcase classname="tests.test_circuit_mapper.TestPauliSequenceMapperNonControlled" name="test_unitary_circuit_matrix" time="0.074" /><testcase classname="tests.test_configuration_set.TestConfigurationSetBasics" name="test_construction" time="0.001" /><testcase classname="tests.test_configuration_set.TestConfigurationSetBasics" name="test_construction_empty" time="0.001" /><testcase classname="tests.test_configuration_set.TestConfigurationSetBasics" name="test_construction_single" time="0.002" /><testcase classname="tests.test_configuration_set.TestConfigurationSetBasics" name="test_len" time="0.002" /><testcase classname="tests.test_configuration_set.TestConfigurationSetBasics" name="test_empty" time="0.001" /><testcase classname="tests.test_configuration_set.TestConfigurationSetBasics" name="test_getitem" time="0.001" /><testcase classname="tests.test_configuration_set.TestConfigurationSetBasics" name="test_getitem_out_of_range" time="0.001" /><testcase classname="tests.test_configuration_set.TestConfigurationSetBasics" name="test_at" time="0.001" /><testcase classname="tests.test_configuration_set.TestConfigurationSetBasics" name="test_iteration" time="0.001" /><testcase classname="tests.test_configuration_set.TestConfigurationSetBasics" name="test_get_configurations" time="0.001" /><testcase classname="tests.test_configuration_set.TestConfigurationSetBasics" name="test_get_orbitals" time="0.002" /><testcase classname="tests.test_configuration_set.TestConfigurationSetBasics" name="test_get_summary" time="0.001" /><testcase classname="tests.test_configuration_set.TestConfigurationSetBasics" name="test_repr" time="0.001" /><testcase classname="tests.test_configuration_set.TestConfigurationSetBasics" name="test_str" time="0.001" /><testcase classname="tests.test_configuration_set.TestConfigurationSetEquality" name="test_equality_same" time="0.001" /><testcase classname="tests.test_configuration_set.TestConfigurationSetEquality" name="test_inequality_different_configs" time="0.001" /><testcase classname="tests.test_configuration_set.TestConfigurationSetEquality" name="test_inequality_different_size" time="0.001" /><testcase classname="tests.test_configuration_set.TestConfigurationSetSerialization" name="test_json_serialization" time="0.002" /><testcase classname="tests.test_configuration_set.TestConfigurationSetSerialization" name="test_json_file_serialization" time="0.002" /><testcase classname="tests.test_configuration_set.TestConfigurationSetSerialization" name="test_hdf5_file_serialization" time="0.003" /><testcase classname="tests.test_configuration_set.TestConfigurationSetSerialization" name="test_generic_file_io_json" time="0.003" /><testcase classname="tests.test_configuration_set.TestConfigurationSetSerialization" name="test_generic_file_io_hdf5" time="0.005" /><testcase classname="tests.test_configuration_set.TestConfigurationSetSerialization" name="test_pickle_serialization" time="0.001" /><testcase classname="tests.test_configuration_set.TestConfigurationSetWithOrbitals" name="test_orbitals_preserved_after_serialization" time="0.003" /><testcase classname="tests.test_configuration_set.TestConfigurationSetEdgeCases" name="test_construction_with_none_orbitals_raises" time="0.002" /><testcase classname="tests.test_configuration_set.TestConfigurationSetEdgeCases" name="test_copy_constructor" time="0.001" /><testcase classname="tests.test_constants_binding.TestCoreBinding" name="test_constant_attributes_exist" time="0.001" /><testcase classname="tests.test_constants_binding.TestCoreBinding" name="test_documentation_functions_exist" time="0.000" /><testcase classname="tests.test_constants_binding.TestCoreBinding" name="test_constant_info_class_exists" time="0.000" /><testcase classname="tests.test_constants_binding.TestCoreBinding" name="test_get_constants_info_returns_dict" time="0.001" /><testcase classname="tests.test_constants_binding.TestCoreBinding" name="test_get_constant_info_single" time="0.001" /><testcase classname="tests.test_constants_binding.TestCoreBinding" name="test_constant_info_repr" time="0.001" /><testcase classname="tests.test_constants_binding.TestCoreBinding" name="test_error_handling" time="0.001" /><testcase classname="tests.test_constants_binding.TestCoreBinding" name="test_get_current_codata_version" time="0.000" /><testcase classname="tests.test_constants_binding.TestValueConsistency" name="test_reciprocal_relationships" time="0.001" /><testcase classname="tests.test_constants_binding.TestValueConsistency" name="test_documentation_value_consistency" time="0.001" /><testcase classname="tests.test_constants_binding.TestValueConsistency" name="test_codata_version_consistency" time="0.000" /><testcase classname="tests.test_constants_documentation.TestConstantValues" name="test_conversion_factors_reciprocal" time="0.001" /><testcase classname="tests.test_constants_documentation.TestConstantValues" name="test_constant_value_ranges" time="0.000" /><testcase classname="tests.test_constants_documentation.TestConstantValues" name="test_constant_types" time="0.001" /><testcase classname="tests.test_constants_documentation.TestConstantInfo" name="test_get_constant_info_basic" time="0.001" /><testcase classname="tests.test_constants_documentation.TestConstantInfo" name="test_get_constant_info_unknown" time="0.001" /><testcase classname="tests.test_constants_documentation.TestConstantInfo" name="test_get_constants_info_complete" time="0.001" /><testcase classname="tests.test_constants_documentation.TestConstantInfo" name="test_constant_info_consistency" time="0.001" /><testcase classname="tests.test_constants_documentation.TestConstantInfo" name="test_codata_version_consistency" time="0.001" /><testcase classname="tests.test_constants_documentation.TestDocumentationFunctions" name="test_find_constant_by_name" time="0.003" /><testcase classname="tests.test_constants_documentation.TestDocumentationFunctions" name="test_find_constant_by_description" time="0.002" /><testcase classname="tests.test_constants_documentation.TestDocumentationFunctions" name="test_find_constant_case_insensitive" time="0.006" /><testcase classname="tests.test_constants_documentation.TestDocumentationFunctions" name="test_find_constant_empty_search" time="0.002" /><testcase classname="tests.test_constants_documentation.TestDocumentationFunctions" name="test_show_constant_details_output" time="0.004" /><testcase classname="tests.test_constants_documentation.TestDocumentationFunctions" name="test_show_constant_details_unknown" time="0.006" /><testcase classname="tests.test_constants_documentation.TestDocumentationFunctions" name="test_list_constants_output" time="0.004" /><testcase classname="tests.test_constants_documentation.TestDocumentationFunctions" name="test_list_constants_with_values" time="0.004" /><testcase classname="tests.test_constants_documentation.TestVersionAwareness" name="test_version_detection" time="0.000" /><testcase classname="tests.test_constants_documentation.TestVersionAwareness" name="test_expected_values_codata_version" time="0.001" /><testcase classname="tests.test_constants_documentation.TestVersionAwareness" name="test_documentation_reflects_version" time="0.001" /><testcase classname="tests.test_constants_documentation.TestEdgeCases" name="test_empty_symbol_constants" time="0.001" /><testcase classname="tests.test_constants_documentation.TestEdgeCases" name="test_unicode_in_symbols" time="0.000" /><testcase classname="tests.test_constants_documentation.TestEdgeCases" name="test_long_descriptions" time="0.000" /><testcase classname="tests.test_constants_documentation.TestIntegration" name="test_full_workflow" time="0.002" /><testcase classname="tests.test_constants_documentation.TestIntegration" name="test_scientific_accuracy" time="0.001" /><testcase classname="tests.test_controlled_circuit_mapper.TestPauliSequenceMapper" name="test_name" time="0.000" /><testcase classname="tests.test_controlled_circuit_mapper.TestPauliSequenceMapper" name="test_basic_mapping" time="0.004" /><testcase classname="tests.test_controlled_circuit_mapper.TestPauliSequenceMapper" name="test_default_target_indices" time="0.003" /><testcase classname="tests.test_controlled_circuit_mapper.TestPauliSequenceMapper" name="test_target_indices_validation" time="0.001" /><testcase classname="tests.test_controlled_circuit_mapper.TestPauliSequenceMapper" name="test_invalid_container_type_raises" time="0.001" /><testcase classname="tests.test_controlled_circuit_mapper.TestPauliSequenceMapper" name="test_rotation_parameters" time="0.002" /><testcase classname="tests.test_controlled_circuit_mapper.TestPauliSequenceMapper" name="test_controlled_u_circuit_matrix" time="0.062" /><testcase classname="tests.test_controlled_unitary.TestControlledUnitary" name="test_basic_properties" time="0.002" /><testcase classname="tests.test_controlled_unitary.TestControlledUnitary" name="test_to_json_serialization" time="0.001" /><testcase classname="tests.test_controlled_unitary.TestControlledUnitary" name="test_to_hdf5_roundtrip" time="0.004" /><testcase classname="tests.test_controlled_unitary.TestControlledUnitary" name="test_summary_format" time="0.000" /><testcase classname="tests.test_controlled_unitary.TestControlledUnitary" name="test_rejects_duplicate_control_indices" time="0.001" /><testcase classname="tests.test_controlled_unitary.TestControlledUnitary" name="test_rejects_duplicate_target_indices" time="0.001" /><testcase classname="tests.test_controlled_unitary.TestControlledUnitary" name="test_rejects_target_indices_length_mismatch" time="0.001" /><testcase classname="tests.test_controlled_unitary.TestControlledUnitary" name="test_rejects_overlapping_control_and_target" time="0.000" /><testcase classname="tests.test_controlled_unitary.TestControlledUnitary" name="test_default_target_indices_skips_controls" time="0.001" /><testcase classname="tests.test_data_class.TestDataClass" name="test_base_class_existence" time="0.001" /><testcase classname="tests.test_data_class.TestDataClass" name="test_structure_inherits_from_base" time="0.001" /><testcase classname="tests.test_data_class.TestDataClass" name="test_settings_inherits_from_base" time="0.001" /><testcase classname="tests.test_data_class.TestDataClass" name="test_data_classes_have_base_interface[Structure]" time="0.001" /><testcase classname="tests.test_data_class.TestDataClass" name="test_data_classes_have_base_interface[Settings]" time="0.001" /><testcase classname="tests.test_data_class.TestDataClass" name="test_data_classes_have_base_interface[BasisSet]" time="0.001" /><testcase classname="tests.test_data_class.TestDataClass" name="test_data_classes_have_base_interface[Ansatz]" time="0.000" /><testcase classname="tests.test_data_class.TestDataClass" name="test_data_classes_have_base_interface[Hamiltonian]" time="0.001" /><testcase classname="tests.test_data_class.TestDataClass" name="test_data_classes_have_base_interface[Orbitals]" time="0.001" /><testcase classname="tests.test_data_class.TestDataClass" name="test_data_classes_have_base_interface[Wavefunction]" time="0.000" /><testcase classname="tests.test_data_class.TestDataClass" name="test_base_class_methods_consistency" time="0.003" /><testcase classname="tests.test_data_class.TestDataClass" name="test_file_io_interface" time="0.003" /><testcase classname="tests.test_data_class.TestDataClass" name="test_pathlib_support" time="0.002" /><testcase classname="tests.test_data_class.TestDataClass" name="test_error_handling" time="0.004" /><testcase classname="tests.test_data_class.TestDataClass" name="test_multiple_inheritance_classes" time="0.001" /><testcase classname="tests.test_data_class.TestDataClassCompliance" name="test_structure_compliance" time="0.002" /><testcase classname="tests.test_data_class.TestDataClassCompliance" name="test_settings_compliance" time="0.001" /><testcase classname="tests.test_data_class.TestDataClassCompliance" name="test_method_signatures_preserved" time="0.001" /><testcase classname="tests.test_data_class.TestDataClassCompliance" name="test_binding_integrity" time="0.001" /><testcase classname="tests.test_data_class.TestDataClassCompliance" name="test_method_resolution" time="0.001" /><testcase classname="tests.test_davidson_solver" name="test_davidson_solver_matrix" time="0.001" /><testcase classname="tests.test_davidson_solver" name="test_davidson_solver_model_hamiltonian" time="0.005" /><testcase classname="tests.test_davidson_solver" name="test_davidson_solver_hamiltonian" time="0.043" /><testcase classname="tests.test_docs_examples.TestExampleScripts" name="test_py_active_space_selector" time="7.064" /><testcase classname="tests.test_docs_examples.TestExampleScripts" name="test_py_ansatz" time="6.938" /><testcase classname="tests.test_docs_examples.TestExampleScripts" name="test_py_basis_set" time="8.626" /><testcase classname="tests.test_docs_examples.TestExampleScripts" name="test_py_circuit" time="7.775" /><testcase classname="tests.test_docs_examples.TestExampleScripts" name="test_py_circuit_executor" time="7.763" /><testcase classname="tests.test_docs_examples.TestExampleScripts" name="test_py_circuit_mapper" time="6.874" /><testcase classname="tests.test_docs_examples.TestExampleScripts" name="test_py_custom_plugin" time="5.893" /><testcase classname="tests.test_docs_examples.TestExampleScripts" name="test_py_design_principles" time="6.730" /><testcase classname="tests.test_docs_examples.TestExampleScripts" name="test_py_dynamical_correlation" time="7.355" /><testcase classname="tests.test_docs_examples.TestExampleScripts" name="test_py_energy_estimator" time="6.552" /><testcase classname="tests.test_docs_examples.TestExampleScripts" name="test_py_factory_pattern" time="6.770" /><testcase classname="tests.test_docs_examples.TestExampleScripts" name="test_py_hamiltonian" time="7.017" /><testcase classname="tests.test_docs_examples.TestExampleScripts" name="test_py_hamiltonian_constructor" time="6.076" /><testcase classname="tests.test_docs_examples.TestExampleScripts" name="test_py_hamiltonian_unitary_builder" time="6.619" /><testcase classname="tests.test_docs_examples.TestExampleScripts" name="test_py_interfaces" time="6.395" /><testcase classname="tests.test_docs_examples.TestExampleScripts" name="test_py_lattice_graph" time="6.482" /><testcase classname="tests.test_docs_examples.TestExampleScripts" name="test_py_localizer" time="6.432" /><testcase classname="tests.test_docs_examples.TestExampleScripts" name="test_py_mc_calculator" time="6.183" /><testcase classname="tests.test_docs_examples.TestExampleScripts" name="test_py_mcscf" time="12.981" /><testcase classname="tests.test_docs_examples.TestExampleScripts" name="test_py_model_hamiltonians" time="6.350" /><testcase classname="tests.test_docs_examples.TestExampleScripts" name="test_py_orbitals" time="6.011" /><testcase classname="tests.test_docs_examples.TestExampleScripts" name="test_py_pauli_operator" time="6.170" /><testcase classname="tests.test_docs_examples.TestExampleScripts" name="test_py_phase_estimation" time="16.934" /><testcase classname="tests.test_docs_examples.TestExampleScripts" name="test_py_pmc" time="6.458" /><testcase classname="tests.test_docs_examples.TestExampleScripts" name="test_py_qpe_result" time="6.110" /><testcase classname="tests.test_docs_examples.TestExampleScripts" name="test_py_qubit_mapper" time="7.422" /><testcase classname="tests.test_docs_examples.TestExampleScripts" name="test_py_quickstart" time="246.823" /><testcase classname="tests.test_docs_examples.TestExampleScripts" name="test_py_release_notes_v1_1" time="0.003"><skipped type="pytest.skip" message="release_notes example requires v1.1.x (installed: 2.0.0+local)">/home/v-lercole/src/qdk-chemistry/python/tests/test_docs_examples.py:195: release_notes example requires v1.1.x (installed: 2.0.0+local)</skipped></testcase><testcase classname="tests.test_docs_examples.TestExampleScripts" name="test_py_scf_solver" time="6.768" /><testcase classname="tests.test_docs_examples.TestExampleScripts" name="test_py_serialization" time="6.294" /><testcase classname="tests.test_docs_examples.TestExampleScripts" name="test_py_settings" time="6.777" /><testcase classname="tests.test_docs_examples.TestExampleScripts" name="test_py_stability_checker_workflow" time="6.328" /><testcase classname="tests.test_docs_examples.TestExampleScripts" name="test_py_state_preparation" time="7.235" /><testcase classname="tests.test_docs_examples.TestExampleScripts" name="test_py_structure" time="6.284" /><testcase classname="tests.test_docs_examples.TestExampleScripts" name="test_py_wavefunction_container" time="6.094" /><testcase classname="tests.test_driven_hamiltonian.TestDrivenQubitHamiltonianValidation" name="test_mismatched_num_qubits_raises" time="0.005" /><testcase classname="tests.test_driven_hamiltonian.TestDrivenQubitHamiltonianValidation" name="test_valid_construction" time="0.002" /><testcase classname="tests.test_driven_hamiltonian.TestDrivenQubitHamiltonianValidation" name="test_evaluate_applies_drive" time="0.016" /><testcase classname="tests.test_driven_hamiltonian.TestDrivenQubitHamiltonianDriveFunctions" name="test_sinusoidal_drive" time="0.014" /><testcase classname="tests.test_driven_hamiltonian.TestDrivenQubitHamiltonianDriveFunctions" name="test_exponential_decay_drive" time="0.012" /><testcase classname="tests.test_driven_hamiltonian.TestDrivenQubitHamiltonianDriveFunctions" name="test_linear_ramp_drive" time="0.009" /><testcase classname="tests.test_driven_hamiltonian.TestDrivenQubitHamiltonianDriveFunctions" name="test_zero_drive_returns_h0_only" time="0.005" /><testcase classname="tests.test_driven_hamiltonian.TestDrivenQubitHamiltonianDriveFunctions" name="test_step_function_drive" time="0.007" /><testcase classname="tests.test_driven_hamiltonian.TestDrivenQubitHamiltonianDriveFunctions" name="test_cosine_drive_symmetry" time="0.007" /><testcase classname="tests.test_driven_hamiltonian.TestDrivenQubitHamiltonianDriveFunctions" name="test_negative_drive" time="0.010" /><testcase classname="tests.test_driven_hamiltonian.TestDrivenQubitHamiltonianDriveFunctions" name="test_container_properties_accessible" time="0.004" /><testcase classname="tests.test_driven_hamiltonian.TestDrivenQubitHamiltonianDriveFunctions" name="test_repr" time="0.003" /><testcase classname="tests.test_driven_hamiltonian.TestDrivenQubitHamiltonianPartition" name="test_evaluate_preserves_flat_partition" time="0.004" /><testcase classname="tests.test_driven_hamiltonian.TestDrivenQubitHamiltonianPartition" name="test_evaluate_preserves_layered_partition" time="0.009" /><testcase classname="tests.test_driven_hamiltonian.TestDrivenQubitHamiltonianPartition" name="test_evaluate_no_partition_when_missing" time="0.005" /><testcase classname="tests.test_driven_hamiltonian.TestDrivenQubitHamiltonianPartition" name="test_evaluate_preserves_partition_from_ising" time="0.009" /><testcase classname="tests.test_ecp_hamiltonian" name="test_ecp_included_in_hamiltonian_h1e[qdk]" time="0.198" /><testcase classname="tests.test_ecp_hamiltonian" name="test_ecp_included_in_hamiltonian_h1e[qdk_cholesky]" time="0.051" /><testcase classname="tests.test_element_data.TestElementEnum" name="test_element_values_exist" time="0.001" /><testcase classname="tests.test_element_data.TestElementEnum" name="test_element_names" time="0.000" /><testcase classname="tests.test_element_data.TestElementEnum" name="test_element_enum_type" time="0.000" /><testcase classname="tests.test_element_data.TestElementEnum" name="test_element_comparison" time="0.000" /><testcase classname="tests.test_element_data.TestElementEnum" name="test_all_elements_present" time="0.001" /><testcase classname="tests.test_element_data.TestCIAAWVersion" name="test_get_current_ciaaw_version_exists" time="0.001" /><testcase classname="tests.test_element_data.TestCIAAWVersion" name="test_get_current_ciaaw_version_returns_string" time="0.001" /><testcase classname="tests.test_element_data.TestCIAAWVersion" name="test_ciaaw_version_format" time="0.000" /><testcase classname="tests.test_energy_estimator" name="test_parity" time="0.000" /><testcase classname="tests.test_energy_estimator" name="test_determine_measurement_basis" time="0.000" /><testcase classname="tests.test_energy_estimator" name="test_determine_measurement_basis_not_qubit_wise_commuting" time="0.001" /><testcase classname="tests.test_energy_estimator" name="test_append_measurement_to_circuit_qasm[Z-basis]" time="0.018" /><testcase classname="tests.test_energy_estimator" name="test_append_measurement_to_circuit_qasm[X-basis]" time="0.009" /><testcase classname="tests.test_energy_estimator" name="test_append_measurement_to_circuit_qasm[Y-basis]" time="0.007" /><testcase classname="tests.test_energy_estimator" name="test_append_measurement_to_circuit_qasm[identity-only]" time="0.008" /><testcase classname="tests.test_energy_estimator" name="test_append_measurement_to_circuit_qasm[mixed-basis]" time="0.012" /><testcase classname="tests.test_energy_estimator" name="test_create_measurement_circuits_basic" time="0.057" /><testcase classname="tests.test_energy_estimator" name="test_compute_expval_and_variance_for_paulis_from_bitstring_counts[counts0-paulis0-expected_expvals0-expected_vars0]" time="0.002" /><testcase classname="tests.test_energy_estimator" name="test_compute_expval_and_variance_for_paulis_from_bitstring_counts[counts1-paulis1-expected_expvals1-expected_vars1]" time="0.002" /><testcase classname="tests.test_energy_estimator" name="test_compute_expval_and_variance_for_paulis_from_bitstring_counts[counts2-paulis2-expected_expvals2-expected_vars2]" time="0.002" /><testcase classname="tests.test_energy_estimator" name="test_compute_expval_invalid_bitstring_format" time="0.002" /><testcase classname="tests.test_energy_estimator" name="test_compute_expval_mixed_bitstring_formats" time="0.002" /><testcase classname="tests.test_energy_estimator" name="test_compute_expval_empty_counts" time="0.002" /><testcase classname="tests.test_energy_estimator" name="test_paulis_to_nonid_masks" time="0.000" /><testcase classname="tests.test_energy_estimator" name="test_compute_energy_expectation_from_bitstrings_mismatched_lengths" time="0.004" /><testcase classname="tests.test_energy_estimator" name="test_calculate_energy_expval_variance_none_counts" time="0.006" /><testcase classname="tests.test_energy_estimator" name="test_measurement_data_to_json" time="0.005" /><testcase classname="tests.test_energy_estimator" name="test_create_energy_estimator_qdk" time="0.003" /><testcase classname="tests.test_energy_estimator" name="test_estimator_fewer_shots" time="0.058" /><testcase classname="tests.test_energy_estimator" name="test_estimator_run_4e4o[qdk-full-state]" time="1.456" /><testcase classname="tests.test_energy_estimator" name="test_estimator_run_4e4o[qdk-sparse-state]" time="5.915" /><testcase classname="tests.test_energy_estimator" name="test_estimator_run_4e4o[qiskit-aer]" time="0.255" /><testcase classname="tests.test_energy_estimator" name="test_is_identity_only[single-identity]" time="0.001" /><testcase classname="tests.test_energy_estimator" name="test_is_identity_only[multiple-identity]" time="0.001" /><testcase classname="tests.test_energy_estimator" name="test_is_identity_only[single-qubit-identity]" time="0.001" /><testcase classname="tests.test_energy_estimator" name="test_is_identity_only[one-non-identity]" time="0.000" /><testcase classname="tests.test_energy_estimator" name="test_is_identity_only[mixed-group]" time="0.001" /><testcase classname="tests.test_energy_estimator" name="test_is_identity_only[non-identity]" time="0.000" /><testcase classname="tests.test_energy_estimator" name="test_estimator_pure_identity_hamiltonian" time="0.019" /><testcase classname="tests.test_energy_estimator" name="test_estimator_mixed_identity_and_pauli_terms" time="0.722" /><testcase classname="tests.test_energy_estimator" name="test_estimator_multiple_identity_terms" time="0.056" /><testcase classname="tests.test_energy_expectation_result" name="test_energy_expectation_result_creation" time="0.003" /><testcase classname="tests.test_energy_expectation_result" name="test_energy_expectation_result_json_serialization" time="0.001" /><testcase classname="tests.test_energy_expectation_result" name="test_energy_expectation_result_json_file_io" time="0.002" /><testcase classname="tests.test_energy_expectation_result" name="test_energy_expectation_result_hdf5_file_io" time="0.007" /><testcase classname="tests.test_energy_expectation_result" name="test_energy_expectation_result_summary" time="0.003" /><testcase classname="tests.test_energy_expectation_result" name="test_energy_expectation_result_immutability" time="0.001" /><testcase classname="tests.test_estimator_data" name="test_measurement_data_serialization" time="0.005" /><testcase classname="tests.test_estimator_data" name="test_energy_expectation_result_structure" time="0.001" /><testcase classname="tests.test_euler_integrator" name="test_prepend_state_prep_circuit_composes_qsharp_operations" time="0.015" /><testcase classname="tests.test_euler_integrator" name="test_prepend_state_prep_circuit_requires_qsharp_operations" time="0.014" /><testcase classname="tests.test_euler_integrator" name="test_euler_integrator_eigenvalue_remains_constant" time="0.910" /><testcase classname="tests.test_euler_integrator" name="test_euler_integrator_with_device_backend" time="0.380" /><testcase classname="tests.test_euler_integrator.TestEulerIntegratorValidation" name="test_mismatched_observable_num_qubits_raises" time="0.014" /><testcase classname="tests.test_euler_integrator.TestEulerIntegratorValidation" name="test_get_circuit_before_run_raises" time="0.012" /><testcase classname="tests.test_euler_integrator.TestEulerIntegratorValidation" name="test_dt_exceeds_total_time_raises" time="0.016" /><testcase classname="tests.test_euler_integrator.TestEulerIntegratorValidation" name="test_dt_zero_raises" time="0.016" /><testcase classname="tests.test_euler_integrator.TestEulerIntegratorValidation" name="test_dt_negative_raises" time="0.016" /><testcase classname="tests.test_euler_integrator.TestEulerIntegratorValidation" name="test_total_time_zero_raises" time="0.015" /><testcase classname="tests.test_euler_integrator.TestEulerIntegratorValidation" name="test_propagator_setting_via_create_kwargs" time="0.014" /><testcase classname="tests.test_euler_integrator" name="test_euler_integrator_sinusoidal_drive" time="0.281" /><testcase classname="tests.test_euler_integrator" name="test_euler_integrator_exponential_decay_drive" time="0.266" /><testcase classname="tests.test_euler_integrator" name="test_euler_integrator_linear_ramp_drive" time="0.266" /><testcase classname="tests.test_euler_integrator" name="test_euler_integrator_non_commuting_observable" time="0.207" /><testcase classname="tests.test_hamiltonian.TestHamiltonian" name="test_default_constructor" time="0.001" /><testcase classname="tests.test_hamiltonian.TestHamiltonian" name="test_size_and_electron_counts" time="0.001" /><testcase classname="tests.test_hamiltonian.TestHamiltonian" name="test_full_constructor" time="0.001" /><testcase classname="tests.test_hamiltonian.TestHamiltonian" name="test_one_body_integrals" time="0.001" /><testcase classname="tests.test_hamiltonian.TestHamiltonian" name="test_two_body_integrals" time="0.001" /><testcase classname="tests.test_hamiltonian.TestHamiltonian" name="test_two_body_element_access" time="0.000" /><testcase classname="tests.test_hamiltonian.TestHamiltonian" name="test_active_space_management" time="0.000" /><testcase classname="tests.test_hamiltonian.TestHamiltonian" name="test_json_serialization" time="0.001" /><testcase classname="tests.test_hamiltonian.TestHamiltonian" name="test_json_file_io" time="0.001" /><testcase classname="tests.test_hamiltonian.TestHamiltonian" name="test_hdf5_file_io" time="0.003" /><testcase classname="tests.test_hamiltonian.TestHamiltonian" name="test_generic_file_io" time="0.003" /><testcase classname="tests.test_hamiltonian.TestHamiltonian" name="test_file_io_validation" time="0.001" /><testcase classname="tests.test_hamiltonian.TestHamiltonian" name="test_minimal_hamiltonian_json_roundtrip" time="0.001" /><testcase classname="tests.test_hamiltonian.TestHamiltonian" name="test_static_methods_exist" time="0.002" /><testcase classname="tests.test_hamiltonian.TestHamiltonian" name="test_repr_method" time="0.001" /><testcase classname="tests.test_hamiltonian.TestHamiltonian" name="test_str_method" time="0.001" /><testcase classname="tests.test_hamiltonian.TestHamiltonian" name="test_pickling_hamiltonian" time="0.001" /><testcase classname="tests.test_hamiltonian.TestHamiltonian" name="test_restricted_hamiltonian_construction" time="0.001" /><testcase classname="tests.test_hamiltonian.TestHamiltonian" name="test_unrestricted_hamiltonian_construction" time="0.002" /><testcase classname="tests.test_hamiltonian.TestHamiltonian" name="test_unrestricted_vs_restricted_serialization" time="0.001" /><testcase classname="tests.test_hamiltonian.TestHamiltonian" name="test_active_space_consistency" time="0.001" /><testcase classname="tests.test_hamiltonian.TestCholeskyHamiltonian" name="test_default_constructor" time="0.001" /><testcase classname="tests.test_hamiltonian.TestCholeskyHamiltonian" name="test_size_and_electron_counts" time="0.000" /><testcase classname="tests.test_hamiltonian.TestCholeskyHamiltonian" name="test_full_constructor" time="0.001" /><testcase classname="tests.test_hamiltonian.TestCholeskyHamiltonian" name="test_one_body_integrals" time="0.001" /><testcase classname="tests.test_hamiltonian.TestCholeskyHamiltonian" name="test_two_body_integrals" time="0.000" /><testcase classname="tests.test_hamiltonian.TestCholeskyHamiltonian" name="test_two_body_element_access" time="0.001" /><testcase classname="tests.test_hamiltonian.TestCholeskyHamiltonian" name="test_active_space_management" time="0.000" /><testcase classname="tests.test_hamiltonian.TestCholeskyHamiltonian" name="test_json_serialization" time="0.001" /><testcase classname="tests.test_hamiltonian.TestCholeskyHamiltonian" name="test_json_file_io" time="0.005" /><testcase classname="tests.test_hamiltonian.TestCholeskyHamiltonian" name="test_hdf5_file_io" time="0.003" /><testcase classname="tests.test_hamiltonian.TestCholeskyHamiltonian" name="test_generic_file_io" time="0.003" /><testcase classname="tests.test_hamiltonian.TestCholeskyHamiltonian" name="test_pickling_hamiltonian" time="0.001" /><testcase classname="tests.test_hamiltonian.TestCholeskyHamiltonian" name="test_restricted_hamiltonian_construction" time="0.001" /><testcase classname="tests.test_hamiltonian.TestCholeskyHamiltonian" name="test_unrestricted_hamiltonian_construction" time="0.001" /><testcase classname="tests.test_hamiltonian.TestCholeskyHamiltonian" name="test_unrestricted_vs_restricted_serialization" time="0.001" /><testcase classname="tests.test_hamiltonian.TestCholeskyHamiltonian" name="test_ao_cholesky_vectors_absent_by_default" time="0.001" /><testcase classname="tests.test_hamiltonian.TestCholeskyHamiltonian" name="test_ao_cholesky_vectors_present" time="0.001" /><testcase classname="tests.test_hamiltonian.TestCholeskyHamiltonian" name="test_ao_cholesky_vectors_roundtrip_json" time="0.001" /><testcase classname="tests.test_hamiltonian" name="test_hamiltonian_data_type_name" time="0.000" /><testcase classname="tests.test_interop_openfermion_qubit_mapper" name="test_openfermion_plugin_registered" time="0.000" /><testcase classname="tests.test_interop_openfermion_qubit_mapper" name="test_openfermion_mapper_create" time="0.004" /><testcase classname="tests.test_interop_openfermion_qubit_mapper" name="test_openfermion_matches_qdk_native[jordan-wigner]" time="0.025" /><testcase classname="tests.test_interop_openfermion_qubit_mapper" name="test_openfermion_matches_qdk_native[bravyi-kitaev]" time="0.026" /><testcase classname="tests.test_interop_openfermion_qubit_mapper" name="test_openfermion_bk_tree_encoding" time="0.058" /><testcase classname="tests.test_interop_openfermion_qubit_mapper" name="test_scbk_one_step_produces_reduced_hamiltonian" time="0.010" /><testcase classname="tests.test_interop_openfermion_qubit_mapper" name="test_scbk_one_step_eigenvalues_match_openfermion" time="0.079" /><testcase classname="tests.test_interop_openfermion_qubit_mapper" name="test_scbk_one_step_sets_encoding" time="0.018" /><testcase classname="tests.test_interop_openfermion_qubit_mapper" name="test_scbk_name_dispatch_removed" time="0.007" /><testcase classname="tests.test_interop_openfermion_qubit_mapper" name="test_scbk_open_shell_eigenvalues_subset_of_bk[open-2-1]" time="0.022" /><testcase classname="tests.test_interop_openfermion_qubit_mapper" name="test_scbk_open_shell_eigenvalues_subset_of_bk[open-1-2]" time="0.021" /><testcase classname="tests.test_interop_openfermion_qubit_mapper" name="test_scbk_open_shell_eigenvalues_subset_of_bk[open-2-0]" time="0.020" /><testcase classname="tests.test_interop_openfermion_qubit_mapper" name="test_scbk_open_shell_eigenvalues_subset_of_bk[open-0-2]" time="0.021" /><testcase classname="tests.test_interop_openfermion_qubit_mapper" name="test_openfermion_unsupported_mapping_raises" time="0.004" /><testcase classname="tests.test_interop_openfermion_qubit_mapper" name="test_hamiltonian_to_interaction_operator" time="0.003" /><testcase classname="tests.test_interop_openfermion_qubit_mapper" name="test_hamiltonian_to_fermion_operator" time="0.078" /><testcase classname="tests.test_interop_openfermion_qubit_mapper" name="test_qubit_operator_round_trip" time="0.008" /><testcase classname="tests.test_interop_openfermion_qubit_mapper" name="test_qubit_operator_to_qubit_hamiltonian_empty" time="0.002" /><testcase classname="tests.test_interop_openfermion_qubit_mapper" name="test_qubit_operator_to_qubit_hamiltonian_near_zero_raises" time="0.002" /><testcase classname="tests.test_interop_openfermion_qubit_mapper" name="test_qubit_operator_to_qubit_hamiltonian_cancelled_raises" time="0.001" /><testcase classname="tests.test_interop_openfermion_qubit_mapper" name="test_qubit_operator_to_qubit_hamiltonian_zero_identity_raises" time="0.001" /><testcase classname="tests.test_interop_openfermion_qubit_mapper" name="test_full_pipeline_round_trip" time="0.083" /><testcase classname="tests.test_interop_openfermion_qubit_mapper" name="test_openfermion_standard_sets_blocked_order[jordan-wigner]" time="0.019" /><testcase classname="tests.test_interop_openfermion_qubit_mapper" name="test_openfermion_standard_sets_blocked_order[bravyi-kitaev]" time="0.021" /><testcase classname="tests.test_interop_openfermion_qubit_mapper" name="test_openfermion_standard_sets_blocked_order[bravyi-kitaev-tree]" time="0.031" /><testcase classname="tests.test_interop_openfermion_qubit_mapper" name="test_openfermion_unrestricted_jw_matches_qdk" time="0.024" /><testcase classname="tests.test_interop_openfermion_qubit_mapper" name="test_scbk_cross_backend" time="0.046" /><testcase classname="tests.test_interop_qiskit_circuit" name="test_analyze_qubit_status" time="0.013" /><testcase classname="tests.test_interop_qiskit_circuit" name="test_circuit_info" time="0.025" /><testcase classname="tests.test_interop_qiskit_circuit" name="test_circuit_info_str_method" time="0.021" /><testcase classname="tests.test_interop_qiskit_circuit" name="test_analyze_qubit_status_with_idle_qubits" time="0.002" /><testcase classname="tests.test_interop_qiskit_circuit" name="test_analyze_qubit_status_with_classical_operations" time="0.003" /><testcase classname="tests.test_interop_qiskit_circuit" name="test_analyze_qubit_status_control_from_classical_qubits" time="0.003" /><testcase classname="tests.test_interop_qiskit_circuit" name="test_analyze_qubit_status_with_swap" time="0.006" /><testcase classname="tests.test_interop_qiskit_circuit" name="test_analyze_qubit_status_complex_entanglement" time="0.002" /><testcase classname="tests.test_interop_qiskit_circuit" name="test_circuit_info_count_gate_methods" time="0.022" /><testcase classname="tests.test_interop_qiskit_circuit" name="test_plot_circuit_diagram" time="0.441" /><testcase classname="tests.test_interop_qiskit_circuit" name="test_plot_circuit_diagram_remove_idle_classical_with_measurements" time="0.125" /><testcase classname="tests.test_interop_qiskit_circuit" name="test_plot_circuit_diagram_clbits_index" time="0.100" /><testcase classname="tests.test_interop_qiskit_circuit" name="test_clbit_register_handling" time="0.098" /><testcase classname="tests.test_interop_qiskit_circuit" name="test_plot_circuit_diagram_logging_and_warning" time="0.187" /><testcase classname="tests.test_interop_qiskit_circuit" name="test_circuit_no_qubits" time="0.004" /><testcase classname="tests.test_interop_qiskit_circuit" name="test_circuit_memory_error" time="0.007" /><testcase classname="tests.test_interop_qiskit_circuit_executor.TestQiskitAerCircuitExecutor" name="test_initialization" time="0.003" /><testcase classname="tests.test_interop_qiskit_circuit_executor.TestQiskitAerCircuitExecutor" name="test_circuit_executor_qiskit_aer" time="0.041" /><testcase classname="tests.test_interop_qiskit_circuit_executor.TestQiskitAerCircuitExecutor" name="test_circuit_executor_with_error_profile" time="0.027" /><testcase classname="tests.test_interop_qiskit_circuit_executor.TestQiskitAerCircuitExecutor" name="test_circuit_executor_with_device_backend" time="0.352" /><testcase classname="tests.test_interop_qiskit_circuit_executor.TestQiskitAerCircuitExecutor" name="test_noise_and_device_backend_raises" time="0.014" /><testcase classname="tests.test_interop_qiskit_circuit_executor.TestQiskitAerCircuitExecutor" name="test_invalid_device_backend_name_raises" time="0.015" /><testcase classname="tests.test_interop_qiskit_noise_model" name="test_get_qiskit_noise_model" time="0.008" /><testcase classname="tests.test_interop_qiskit_noise_model" name="test_get_noise_model_except" time="0.005" /><testcase classname="tests.test_interop_qiskit_noise_model" name="test_get_noise_model_with_multiple_gates" time="0.014" /><testcase classname="tests.test_interop_qiskit_noise_model" name="test_get_noise_model_excludes_multiple_gates" time="0.006" /><testcase classname="tests.test_interop_qiskit_noise_model" name="test_get_noise_model_empty_profile" time="0.004" /><testcase classname="tests.test_interop_qiskit_noise_model" name="test_get_noise_model_qubit_loss_raises" time="0.008" /><testcase classname="tests.test_interop_qiskit_noise_model" name="test_get_noise_model_mixed_errors_per_gate" time="0.005" /><testcase classname="tests.test_interop_qiskit_noise_model" name="test_get_noise_model_basis_gates_match_profile" time="0.014" /><testcase classname="tests.test_interop_qiskit_phase_estimation_standard" name="test_traditional_phase_estimation_extracts_phase_and_energy" time="0.544" /><testcase classname="tests.test_interop_qiskit_phase_estimation_standard" name="test_traditional_phase_estimation_four_qubit_problem" time="0.764" /><testcase classname="tests.test_interop_qiskit_phase_estimation_standard" name="test_raises_not_implemented_for_non_time_evolution_builder" time="0.428" /><testcase classname="tests.test_interop_qiskit_qir" name="test_qir_to_qiskit_conversion" time="0.323" /><testcase classname="tests.test_interop_qiskit_qubit_mapper" name="test_qiskit_qubit_mappers[jordan-wigner]" time="0.024" /><testcase classname="tests.test_interop_qiskit_qubit_mapper" name="test_qiskit_qubit_mappers[bravyi-kitaev]" time="0.031" /><testcase classname="tests.test_interop_qiskit_qubit_mapper" name="test_qiskit_qubit_mappers[parity]" time="0.029" /><testcase classname="tests.test_interop_qiskit_qubit_mapper" name="test_qiskit_unrestricted_jw_matches_qdk" time="0.130" /><testcase classname="tests.test_interop_qiskit_state_prep_energy_validation" name="test_energy_agreement_between_state_prep_methods" time="1.425" /><testcase classname="tests.test_interop_qiskit_state_prep_energy_validation" name="test_sparse_isometry_gf2x_energy_validation" time="0.399" /><testcase classname="tests.test_interop_qiskit_state_prep_energy_validation" name="test_sparse_isometry_gf2x_circuit_efficiency" time="1.196" /><testcase classname="tests.test_interop_qiskit_state_prep_energy_validation" name="test_single_reference_state_basic[1010]" time="0.184" /><testcase classname="tests.test_interop_qiskit_state_prep_energy_validation" name="test_single_reference_state_basic[0000]" time="0.164" /><testcase classname="tests.test_interop_qiskit_state_prep_energy_validation" name="test_single_reference_state_basic[1111]" time="0.178" /><testcase classname="tests.test_interop_qiskit_state_prep_energy_validation" name="test_single_reference_state_basic[101001]" time="0.163" /><testcase classname="tests.test_interop_qiskit_state_prep_energy_validation" name="test_single_reference_state_basic[1]" time="0.168" /><testcase classname="tests.test_interop_qiskit_state_prep_energy_validation" name="test_single_reference_state_basic[0]" time="0.207" /><testcase classname="tests.test_interop_qiskit_transpiler" name="test_merge_z_basis_rotations_simple" time="0.007" /><testcase classname="tests.test_interop_qiskit_transpiler" name="test_substitute_clifford_rz[0-IGate]" time="0.006" /><testcase classname="tests.test_interop_qiskit_transpiler" name="test_substitute_clifford_rz[1.5707963267948966-SGate]" time="0.005" /><testcase classname="tests.test_interop_qiskit_transpiler" name="test_substitute_clifford_rz[3.141592653589793-ZGate]" time="0.006" /><testcase classname="tests.test_interop_qiskit_transpiler" name="test_substitute_clifford_rz[-1.5707963267948966-SdgGate]" time="0.006" /><testcase classname="tests.test_interop_qiskit_transpiler" name="test_substitute_clifford_rz_parameterized" time="0.010" /><testcase classname="tests.test_interop_qiskit_transpiler" name="test_substitute_clifford_rz_initialization" time="0.010" /><testcase classname="tests.test_interop_qiskit_transpiler" name="test_remove_z_basis_on_zero_state_removes_redundant_gates" time="0.007" /><testcase classname="tests.test_interop_qiskit_transpiler" name="test_remove_z_basis_on_zero_state_preserves_after_x" time="0.007" /><testcase classname="tests.test_interop_qiskit_transpiler" name="test_substitute_pauli_1q_odd_pi[rx-3.141592653589793-XGate]" time="0.007" /><testcase classname="tests.test_interop_qiskit_transpiler" name="test_substitute_pauli_1q_odd_pi[ry-3.141592653589793-YGate]" time="0.007" /><testcase classname="tests.test_interop_qiskit_transpiler" name="test_substitute_pauli_1q_odd_pi[rz-3.141592653589793-ZGate]" time="0.006" /><testcase classname="tests.test_interop_qiskit_transpiler" name="test_substitute_pauli_1q_odd_pi[rx-9.42477796076938-XGate]" time="0.006" /><testcase classname="tests.test_interop_qiskit_transpiler" name="test_substitute_pauli_1q_odd_pi[rz--3.141592653589793-ZGate]" time="0.006" /><testcase classname="tests.test_interop_qiskit_transpiler" name="test_substitute_pauli_1q_even_pi[rx-0.0]" time="0.007" /><testcase classname="tests.test_interop_qiskit_transpiler" name="test_substitute_pauli_1q_even_pi[ry-6.283185307179586]" time="0.006" /><testcase classname="tests.test_interop_qiskit_transpiler" name="test_substitute_pauli_1q_even_pi[rz-12.566370614359172]" time="0.006" /><testcase classname="tests.test_interop_qiskit_transpiler" name="test_substitute_pauli_1q_non_pi_unchanged[rx-0.5]" time="0.008" /><testcase classname="tests.test_interop_qiskit_transpiler" name="test_substitute_pauli_1q_non_pi_unchanged[ry-1.5707963267948966]" time="0.006" /><testcase classname="tests.test_interop_qiskit_transpiler" name="test_substitute_pauli_1q_non_pi_unchanged[rz-3.241592653589793]" time="0.007" /><testcase classname="tests.test_interop_qiskit_transpiler" name="test_substitute_pauli_1q_parameterized_untouched" time="0.006" /><testcase classname="tests.test_interop_qiskit_transpiler" name="test_substitute_pauli_1q_mixed_circuit" time="0.007" /><testcase classname="tests.test_interop_qiskit_transpiler" name="test_substitute_pauli_1q_selective_gate_set" time="0.007" /><testcase classname="tests.test_interop_qiskit_transpiler" name="test_substitute_pauli_1q_settings" time="0.010" /><testcase classname="tests.test_interop_qiskit_transpiler" name="test_substitute_pauli_2q_odd_pi[rxx-3.141592653589793-XGate]" time="0.006" /><testcase classname="tests.test_interop_qiskit_transpiler" name="test_substitute_pauli_2q_odd_pi[ryy-3.141592653589793-YGate]" time="0.008" /><testcase classname="tests.test_interop_qiskit_transpiler" name="test_substitute_pauli_2q_odd_pi[rzz-3.141592653589793-ZGate]" time="0.006" /><testcase classname="tests.test_interop_qiskit_transpiler" name="test_substitute_pauli_2q_odd_pi[rzz-9.42477796076938-ZGate]" time="0.008" /><testcase classname="tests.test_interop_qiskit_transpiler" name="test_substitute_pauli_2q_even_pi[rxx-6.283185307179586]" time="0.006" /><testcase classname="tests.test_interop_qiskit_transpiler" name="test_substitute_pauli_2q_even_pi[ryy-0.0]" time="0.008" /><testcase classname="
[...]
" name="test_commutator_tighter_than_naive_higher_order" time="0.011" /><testcase classname="tests.test_time_evolution_trotter.TestTrotterAccuracyAware" name="test_commuting_hamiltonian_needs_one_step_higher_order" time="0.009" /><testcase classname="tests.test_time_evolution_trotter.TestTrotterAccuracyAware" name="test_angle_scaling_with_auto_steps_higher_order" time="0.006" /><testcase classname="tests.test_time_evolution_trotter.TestNoPartitionFallback" name="test_no_partition_treats_each_term_individually" time="0.013" /><testcase classname="tests.test_time_evolution_trotter.TestPartitionGrouping" name="test_flat_partition_groups_commuting_terms" time="0.005" /><testcase classname="tests.test_trotter_error.TestTrotterStepsNaive" name="test_basic" time="0.003" /><testcase classname="tests.test_trotter_error.TestTrotterStepsNaive" name="test_minimum_one" time="0.002" /><testcase classname="tests.test_trotter_error.TestTrotterStepsNaive" name="test_small_accuracy" time="0.002" /><testcase classname="tests.test_trotter_error.TestTrotterStepsNaive" name="test_large_time" time="0.001" /><testcase classname="tests.test_trotter_error.TestTrotterStepsNaive" name="test_zero_accuracy_raises" time="0.002" /><testcase classname="tests.test_trotter_error.TestTrotterStepsNaive" name="test_negative_accuracy_raises" time="0.001" /><testcase classname="tests.test_trotter_error.TestTrotterStepsNaive" name="test_basic_second_order" time="0.001" /><testcase classname="tests.test_trotter_error.TestTrotterStepsNaive" name="test_small_accuracy_second_order" time="0.002" /><testcase classname="tests.test_trotter_error.TestTrotterStepsNaive" name="test_large_time_second_order" time="0.001" /><testcase classname="tests.test_trotter_error.TestTrotterStepsNaive" name="test_order_3_raises" time="0.002" /><testcase classname="tests.test_trotter_error.TestTrotterStepsNaive" name="test_basic_higher_order" time="0.001" /><testcase classname="tests.test_trotter_error.TestTrotterStepsNaive" name="test_small_accuracy_higher_order" time="0.001" /><testcase classname="tests.test_trotter_error.TestTrotterStepsNaive" name="test_large_time_higher_order" time="0.001" /><testcase classname="tests.test_trotter_error.TestTrotterStepsCommutator" name="test_anticommuting_pair" time="0.001" /><testcase classname="tests.test_trotter_error.TestTrotterStepsCommutator" name="test_all_commuting" time="0.002" /><testcase classname="tests.test_trotter_error.TestTrotterStepsCommutator" name="test_tighter_than_naive" time="0.002" /><testcase classname="tests.test_trotter_error.TestTrotterStepsCommutator" name="test_minimum_one" time="0.001" /><testcase classname="tests.test_trotter_error.TestTrotterStepsCommutator" name="test_time_scaling" time="0.001" /><testcase classname="tests.test_trotter_error.TestTrotterStepsCommutator" name="test_zero_accuracy_raises" time="0.001" /><testcase classname="tests.test_trotter_error.TestTrotterStepsCommutator" name="test_all_commuting_second_order" time="0.001" /><testcase classname="tests.test_trotter_error.TestTrotterStepsCommutator" name="test_tighter_than_naive_second_order" time="0.001" /><testcase classname="tests.test_trotter_error.TestTrotterStepsCommutator" name="test_minimum_one_second_order" time="0.001" /><testcase classname="tests.test_trotter_error.TestTrotterStepsCommutator" name="test_time_scaling_second_order" time="0.002" /><testcase classname="tests.test_trotter_error.TestTrotterStepsCommutator" name="test_all_commuting_higher_order" time="0.002" /><testcase classname="tests.test_trotter_error.TestTrotterStepsCommutator" name="test_tighter_than_naive_higher_order" time="0.002" /><testcase classname="tests.test_trotter_error.TestTrotterStepsCommutator" name="test_minimum_one_higher_order" time="0.002" /><testcase classname="tests.test_trotter_error.TestTrotterStepsCommutator" name="test_time_scaling_higher_order" time="0.003" /><testcase classname="tests.test_trotter_error.TestTrotterStepsCommutator" name="test_order_3_raises" time="0.001" /><testcase classname="tests.test_unitary_container.TestExponentiatedPauliTerm" name="test_attributes" time="0.001" /><testcase classname="tests.test_unitary_container.TestExponentiatedPauliTerm" name="test_frozen" time="0.001" /><testcase classname="tests.test_unitary_container.TestPauliProductFormulaContainer" name="test_basic_properties" time="0.001" /><testcase classname="tests.test_unitary_container.TestPauliProductFormulaContainer" name="test_update_ordering" time="0.001" /><testcase classname="tests.test_unitary_container.TestPauliProductFormulaContainer" name="test_update_ordering_invalid" time="0.001" /><testcase classname="tests.test_unitary_container.TestPauliProductFormulaContainer" name="test_to_json_roundtrip" time="0.001" /><testcase classname="tests.test_unitary_container.TestPauliProductFormulaContainer" name="test_from_json_pauli_term_keys_are_int" time="0.001" /><testcase classname="tests.test_unitary_container.TestPauliProductFormulaContainer" name="test_to_hdf5_roundtrip" time="0.007" /><testcase classname="tests.test_unitary_container.TestPauliProductFormulaContainer" name="test_combine_no_adjacent_identical" time="0.001" /><testcase classname="tests.test_unitary_container.TestPauliProductFormulaContainer" name="test_combine_with_adjacent_identical" time="0.001" /><testcase classname="tests.test_unitary_container.TestPauliProductFormulaContainer" name="test_summary" time="0.001" /><testcase classname="tests.test_utils_enum" name="test_case_insensitive_str_enum_basic" time="0.001" /><testcase classname="tests.test_utils_enum" name="test_case_insensitive_str_enum_invalid" time="0.001" /><testcase classname="tests.test_utils_enum" name="test_case_insensitive_str_enum_in_noise_models" time="0.000" /><testcase classname="tests.test_utils_pauli_matrix.TestPauliStringToMasks" name="test_identity" time="0.000" /><testcase classname="tests.test_utils_pauli_matrix.TestPauliStringToMasks" name="test_single_x" time="0.000" /><testcase classname="tests.test_utils_pauli_matrix.TestPauliStringToMasks" name="test_single_z" time="0.000" /><testcase classname="tests.test_utils_pauli_matrix.TestPauliStringToMasks" name="test_single_y" time="0.000" /><testcase classname="tests.test_utils_pauli_matrix.TestPauliStringToMasks" name="test_two_y_phase" time="0.000" /><testcase classname="tests.test_utils_pauli_matrix.TestPauliStringToMasks" name="test_three_y_phase" time="0.001" /><testcase classname="tests.test_utils_pauli_matrix.TestPauliStringToMasks" name="test_four_y_phase" time="0.000" /><testcase classname="tests.test_utils_pauli_matrix.TestPauliStringToMasks" name="test_mixed_xzy" time="0.001" /><testcase classname="tests.test_utils_pauli_matrix.TestPauliToDenseMatrix" name="test_single_term_with_reference[XI]" time="0.001" /><testcase classname="tests.test_utils_pauli_matrix.TestPauliToDenseMatrix" name="test_single_term_with_reference[IX]" time="0.001" /><testcase classname="tests.test_utils_pauli_matrix.TestPauliToDenseMatrix" name="test_single_term_with_reference[ZI]" time="0.001" /><testcase classname="tests.test_utils_pauli_matrix.TestPauliToDenseMatrix" name="test_single_term_with_reference[IZ]" time="0.001" /><testcase classname="tests.test_utils_pauli_matrix.TestPauliToDenseMatrix" name="test_single_term_with_reference[YI]" time="0.001" /><testcase classname="tests.test_utils_pauli_matrix.TestPauliToDenseMatrix" name="test_single_term_with_reference[IY]" time="0.001" /><testcase classname="tests.test_utils_pauli_matrix.TestPauliToDenseMatrix" name="test_single_term_with_reference[XY]" time="0.001" /><testcase classname="tests.test_utils_pauli_matrix.TestPauliToDenseMatrix" name="test_single_term_with_reference[YX]" time="0.001" /><testcase classname="tests.test_utils_pauli_matrix.TestPauliToDenseMatrix" name="test_single_term_with_reference[ZZ]" time="0.002" /><testcase classname="tests.test_utils_pauli_matrix.TestPauliToDenseMatrix" name="test_single_term_with_reference[XX]" time="0.001" /><testcase classname="tests.test_utils_pauli_matrix.TestPauliToDenseMatrix" name="test_single_term_with_reference[YY]" time="0.001" /><testcase classname="tests.test_utils_pauli_matrix.TestPauliToDenseMatrix" name="test_single_term_with_reference[XYZ]" time="0.001" /><testcase classname="tests.test_utils_pauli_matrix.TestPauliToDenseMatrix" name="test_single_term_with_reference[ZIX]" time="0.001" /><testcase classname="tests.test_utils_pauli_matrix.TestPauliToDenseMatrix" name="test_single_term_with_reference[YZX]" time="0.001" /><testcase classname="tests.test_utils_pauli_matrix.TestPauliToDenseMatrix" name="test_single_term_with_reference[XXYZ]" time="0.001" /><testcase classname="tests.test_utils_pauli_matrix.TestPauliToDenseMatrix" name="test_single_term_with_reference[IIZZXY]" time="0.001" /><testcase classname="tests.test_utils_pauli_matrix.TestPauliToDenseMatrix" name="test_single_term_with_reference[XYZIXYZZ]" time="0.004" /><testcase classname="tests.test_utils_pauli_matrix.TestPauliToDenseMatrix" name="test_multi_term_3terms" time="0.001" /><testcase classname="tests.test_utils_pauli_matrix.TestPauliToDenseMatrix" name="test_multi_term_8terms_2qubit" time="0.001" /><testcase classname="tests.test_utils_pauli_matrix.TestPauliToDenseMatrix" name="test_multi_term_6terms_3qubit" time="0.001" /><testcase classname="tests.test_utils_pauli_matrix.TestPauliToSparseMatrix" name="test_identity_sparse" time="0.001" /><testcase classname="tests.test_utils_pauli_matrix.TestPauliToSparseMatrix" name="test_matches_dense" time="0.001" /><testcase classname="tests.test_utils_pauli_matrix.TestPauliToSparseMatrix" name="test_sparse_complex_coeffs" time="0.001" /><testcase classname="tests.test_utils_pauli_matrix.TestPauliToSparseMatrix" name="test_sparse_3qubit" time="0.001" /><testcase classname="tests.test_utils_pauli_matrix.TestPauliToSparseMatrix" name="test_sparse_nnz_efficiency" time="0.001" /><testcase classname="tests.test_utils_pauli_matrix.TestPauliToSparseMatrix" name="test_6qubit_100terms_sparse_matches_pauli_mat" time="0.020" /><testcase classname="tests.test_utils_pauli_matrix.TestPauliToSparseMatrix" name="test_12qubit_5terms_sparse_matches_pauli_mat" time="2.259" /><testcase classname="tests.test_utils_pauli_matrix.TestPauliToSparseMatrix" name="test_large_qubit_construction[16]" time="0.003" /><testcase classname="tests.test_utils_pauli_matrix.TestPauliToSparseMatrix" name="test_large_qubit_construction[20]" time="0.037" /><testcase classname="tests.test_utils_pauli_matrix.TestPauliToSparseMatrix" name="test_large_qubit_construction[24]" time="1.764" /><testcase classname="tests.test_utils_phase" name="test_energy_from_phase_wraps_into_branch" time="0.012" /><testcase classname="tests.test_utils_phase" name="test_energy_alias_candidates_default_window" time="0.002" /><testcase classname="tests.test_utils_phase" name="test_resolve_energy_aliases_selects_closest_branch" time="0.003" /><testcase classname="tests.test_utils_phase" name="test_iterative_phase_feedback_update_rejects_invalid_bit" time="0.002" /><testcase classname="tests.test_utils_phase" name="test_phase_fraction_from_feedback_matches_manual_integral" time="0.002" /><testcase classname="tests.test_utils_phase" name="test_accumulated_phase_from_bits_matches_recursive_update" time="0.011" /><testcase classname="tests.test_utils_valence_active_parameters.TestValenceParameters" name="test_compute_valence_space_parameters" time="0.039" /><testcase classname="tests.test_utils_valence_active_parameters.TestValenceParameters" name="test_compute_valence_space_parameters_truncated" time="0.041" /><testcase classname="tests.test_utils_valence_active_parameters.TestValenceParameters" name="test_compute_valence_space_parameters_helium" time="0.015" /><testcase classname="tests.test_utils_valence_active_parameters.TestValenceParameters" name="test_compute_valence_space_parameters_oxygen_hydrogen" time="0.031" /><testcase classname="tests.test_utils_valence_active_parameters.TestValenceParameters" name="test_compute_valence_space_parameters_positive_oxygen_hydrogen" time="0.029" /><testcase classname="tests.test_utils_valence_active_parameters.TestValenceParameters" name="test_compute_valence_space_parameters_negative_oxygen_hydrogen" time="0.034" /><testcase classname="tests.test_utils_valence_active_parameters" name="test_make_minimal_wavefunction_rejects_too_few_molecular_orbitals" time="0.001" /><testcase classname="tests.test_utils_valence_active_parameters.TestTransitionMetalValenceParameters" name="test_toggle_sizing[Cu-15-14-11-14-9]" time="0.002" /><testcase classname="tests.test_utils_valence_active_parameters.TestTransitionMetalValenceParameters" name="test_toggle_sizing[Ni-15-13-10-14-9]" time="0.006" /><testcase classname="tests.test_utils_valence_active_parameters.TestTransitionMetalValenceParameters" name="test_toggle_sizing[Zn-15-15-12-14-9]" time="0.003" /><testcase classname="tests.test_utils_valence_active_parameters.TestTransitionMetalValenceParameters" name="test_toggle_sizing[K-10-9-1-9-9]" time="0.003" /><testcase classname="tests.test_utils_valence_active_parameters.TestTransitionMetalValenceParameters" name="test_toggle_sizing[Pt-39-39-24-21-16]" time="0.002" /><testcase classname="tests.test_utils_valence_active_parameters.TestTransitionMetalValenceParameters" name="test_silver_hydride" time="0.002" /><testcase classname="tests.test_utils_valence_active_parameters.TestTransitionMetalValenceParameters" name="test_toggle_respects_basis_cap" time="0.001" /><testcase classname="tests.test_wavefunction.TestWavefunctionType" name="test_wavefunction_type_values" time="0.001" /><testcase classname="tests.test_wavefunction.TestWavefunction" name="test_wavefunction_construction" time="0.001" /><testcase classname="tests.test_wavefunction.TestWavefunction" name="test_wavefunction_orbitals_access" time="0.001" /><testcase classname="tests.test_wavefunction.TestWavefunction" name="test_wavefunction_electron_counts" time="0.001" /><testcase classname="tests.test_wavefunction.TestWavefunction" name="test_wavefunction_orbital_occupations" time="0.001" /><testcase classname="tests.test_wavefunction.TestWavefunction" name="test_wavefunction_coefficient_access" time="0.002" /><testcase classname="tests.test_wavefunction.TestWavefunction" name="test_wavefunction_get_coefficients" time="0.002" /><testcase classname="tests.test_wavefunction.TestWavefunction" name="test_wavefunction_determinants_access" time="0.001" /><testcase classname="tests.test_wavefunction.TestWavefunction" name="test_wavefunction_norm" time="0.002" /><testcase classname="tests.test_wavefunction.TestWavefunction" name="test_wavefunction_overlap" time="0.002" /><testcase classname="tests.test_wavefunction.TestWavefunction" name="test_wavefunction_self_overlap" time="0.001" /><testcase classname="tests.test_wavefunction.TestWavefunction" name="test_wavefunction_rdm_availability_checks" time="0.001" /><testcase classname="tests.test_wavefunction.TestWavefunction" name="test_wavefunction_type_access" time="0.001" /><testcase classname="tests.test_wavefunction.TestWavefunction" name="test_wavefunction_repr" time="0.002" /><testcase classname="tests.test_wavefunction.TestWavefunction" name="test_repr_method" time="0.001" /><testcase classname="tests.test_wavefunction.TestWavefunction" name="test_str_method" time="0.001" /><testcase classname="tests.test_wavefunction.TestWavefunction" name="test_get_summary" time="0.004" /><testcase classname="tests.test_wavefunction.TestWavefunction" name="test_pickling_wavefunction" time="0.002" /><testcase classname="tests.test_wavefunction.TestWavefunctionRDMs" name="test_one_rdm_spin_traced_access" time="0.001" /><testcase classname="tests.test_wavefunction.TestWavefunctionRDMs" name="test_one_rdm_spin_dependent_access" time="0.001" /><testcase classname="tests.test_wavefunction.TestWavefunctionRDMs" name="test_rdm_error_handling" time="0.002" /><testcase classname="tests.test_wavefunction.TestWavefunctionComplexSupport" name="test_complex_wavefunction" time="0.005" /><testcase classname="tests.test_wavefunction.TestWavefunctionComplexSupport" name="test_complex_overlap" time="0.001" /><testcase classname="tests.test_wavefunction.TestWavefunctionEdgeCases" name="test_empty_wavefunction" time="0.001" /><testcase classname="tests.test_wavefunction.TestWavefunctionEdgeCases" name="test_single_determinant_wavefunction" time="0.001" /><testcase classname="tests.test_wavefunction.TestWavefunctionEdgeCases" name="test_zero_coefficient_handling" time="0.002" /><testcase classname="tests.test_wavefunction.TestWavefunctionEdgeCases" name="test_empty_wavefunction_bounds_checking" time="0.002" /><testcase classname="tests.test_wavefunction.TestWavefunctionEdgeCases" name="test_entropy_bounds_checking" time="0.001" /><testcase classname="tests.test_wavefunction.TestWavefunctionEdgeCases" name="test_lazy_mutual_information_from_s1_and_s2" time="0.001" /><testcase classname="tests.test_wavefunction.TestWavefunctionEdgeCases" name="test_lazy_two_orbital_entropy_from_s1_and_mutual_info" time="0.001" /><testcase classname="tests.test_wavefunction.TestWavefunctionSerialization" name="test_json_serialization_cas_real" time="0.008" /><testcase classname="tests.test_wavefunction.TestWavefunctionSerialization" name="test_json_serialization_cas_complex" time="0.002" /><testcase classname="tests.test_wavefunction.TestWavefunctionSerialization" name="test_json_serialization_slater_determinant" time="0.001" /><testcase classname="tests.test_wavefunction.TestWavefunctionSerialization" name="test_hdf5_serialization_cas_real" time="0.017" /><testcase classname="tests.test_wavefunction.TestWavefunctionSerialization" name="test_hdf5_serialization_cas_complex" time="0.018" /><testcase classname="tests.test_wavefunction.TestWavefunctionSerialization" name="test_hdf5_serialization_slater_determinant" time="0.014" /><testcase classname="tests.test_wavefunction.TestWavefunctionSerialization" name="test_json_file_io" time="0.004" /><testcase classname="tests.test_wavefunction.TestWavefunctionSerialization" name="test_generic_file_io" time="0.009" /><testcase classname="tests.test_wavefunction.TestWavefunctionSerialization" name="test_error_handling" time="0.002" /><testcase classname="tests.test_wavefunction.TestWavefunctionRdmIntegraion" name="test_rdm_n2_singlet_6_6" time="0.287" /><testcase classname="tests.test_wavefunction.TestWavefunctionRdmIntegraion" name="test_rdm_o2_triplet_6_6" time="0.097" /><testcase classname="tests.test_wavefunction.TestWavefunctionRdmIntegraion" name="test_sci_hdf5_roundtrip" time="0.160" /><testcase classname="tests.test_wavefunction.TestWavefunctionRdmIntegraion" name="test_cas_hdf5_roundtrip" time="0.370" /><testcase classname="tests.test_wavefunction.TestMP2Container" name="test_mp2_container_construction" time="0.003" /><testcase classname="tests.test_wavefunction.TestCCContainer" name="test_cc_container_construction" time="0.002" /><testcase classname="tests.test_wavefunction.TestCCContainer" name="test_cc_container_in_wavefunction" time="0.001" /><testcase classname="tests.test_wavefunction.TestCCContainer" name="test_cc_container_electron_counts" time="0.001" /><testcase classname="tests.test_wavefunction" name="test_wavefunction_data_type_name" time="0.001" /><testcase classname="tests.test_wavefunction.TestWavefunctionTruncate" name="test_truncate_to_n_determinants" time="0.001" /><testcase classname="tests.test_wavefunction.TestWavefunctionTruncate" name="test_truncate_keeps_top_determinants" time="0.002" /><testcase classname="tests.test_wavefunction.TestWavefunctionTruncate" name="test_truncate_renormalizes_coefficients" time="0.005" /><testcase classname="tests.test_wavefunction.TestWavefunctionTruncate" name="test_truncate_with_none_returns_all" time="0.001" /><testcase classname="tests.test_wavefunction.TestWavefunctionTruncate" name="test_truncate_more_than_exist" time="0.002" /></testsuite></testsuites>
